cuda:0
<function bagnet9 at 0x7f106df21160>
Test: [   0/3125]	Time  5.168 ( 5.168)	Loss 3.2549e+00 (3.2549e+00)	Acc@1  56.25 ( 56.25)	Acc@5  87.50 ( 87.50)
Test: [   8/3125]	Time  0.188 ( 0.776)	Loss 3.4759e+00 (3.2051e+00)	Acc@1  31.25 ( 55.56)	Acc@5  75.00 ( 77.78)
Test: [  16/3125]	Time  0.087 ( 0.622)	Loss 4.4246e+00 (4.3478e+00)	Acc@1   6.25 ( 38.97)	Acc@5  50.00 ( 66.91)
Test: [  24/3125]	Time  0.307 ( 0.503)	Loss 3.0921e+00 (5.2093e+00)	Acc@1  68.75 ( 40.50)	Acc@5  75.00 ( 68.00)
Test: [  32/3125]	Time  0.197 ( 0.424)	Loss 3.1555e+00 (4.6123e+00)	Acc@1  50.00 ( 42.99)	Acc@5  56.25 ( 68.75)
Test: [  40/3125]	Time  0.281 ( 0.409)	Loss 1.3773e+00 (4.0714e+00)	Acc@1  75.00 ( 47.41)	Acc@5  87.50 ( 71.04)
Test: [  48/3125]	Time  0.208 ( 0.397)	Loss 1.8076e+00 (3.6913e+00)	Acc@1  62.50 ( 51.53)	Acc@5  81.25 ( 73.47)
Test: [  56/3125]	Time  0.330 ( 0.388)	Loss 2.4209e+00 (3.4970e+00)	Acc@1  62.50 ( 51.43)	Acc@5  75.00 ( 73.68)
Test: [  64/3125]	Time  0.156 ( 0.380)	Loss 3.7659e+00 (3.4434e+00)	Acc@1  43.75 ( 51.35)	Acc@5  68.75 ( 73.65)
Test: [  72/3125]	Time  0.379 ( 0.376)	Loss 2.9487e+00 (3.3294e+00)	Acc@1  37.50 ( 52.40)	Acc@5  68.75 ( 74.23)
Test: [  80/3125]	Time  0.583 ( 0.378)	Loss 3.5510e-01 (3.1595e+00)	Acc@1  93.75 ( 53.94)	Acc@5  93.75 ( 75.00)
Test: [  88/3125]	Time  0.551 ( 0.383)	Loss 2.2216e+00 (3.1931e+00)	Acc@1  68.75 ( 53.58)	Acc@5  75.00 ( 74.37)
Test: [  96/3125]	Time  0.590 ( 0.378)	Loss 2.8562e+00 (3.1851e+00)	Acc@1  50.00 ( 53.16)	Acc@5  68.75 ( 74.03)
Test: [ 104/3125]	Time  0.422 ( 0.372)	Loss 4.6386e+00 (3.2509e+00)	Acc@1  31.25 ( 51.49)	Acc@5  43.75 ( 72.44)
Test: [ 112/3125]	Time  0.541 ( 0.371)	Loss 2.9090e+00 (3.4944e+00)	Acc@1  25.00 ( 50.66)	Acc@5  75.00 ( 71.85)
Test: [ 120/3125]	Time  0.487 ( 0.367)	Loss 3.3874e+00 (3.4445e+00)	Acc@1  50.00 ( 50.72)	Acc@5  68.75 ( 72.06)
Test: [ 128/3125]	Time  0.502 ( 0.364)	Loss 2.1006e+00 (3.4470e+00)	Acc@1  62.50 ( 50.24)	Acc@5  81.25 ( 71.61)
Test: [ 136/3125]	Time  0.393 ( 0.362)	Loss 2.2528e+00 (3.4103e+00)	Acc@1  62.50 ( 49.86)	Acc@5  75.00 ( 71.62)
Test: [ 144/3125]	Time  0.436 ( 0.359)	Loss 3.8315e+00 (3.4239e+00)	Acc@1  25.00 ( 49.31)	Acc@5  56.25 ( 70.95)
Test: [ 152/3125]	Time  0.572 ( 0.358)	Loss 8.2547e-01 (3.4747e+00)	Acc@1  75.00 ( 48.98)	Acc@5 100.00 ( 71.12)
Test: [ 160/3125]	Time  0.499 ( 0.357)	Loss 3.1284e+00 (3.4500e+00)	Acc@1  37.50 ( 48.52)	Acc@5  62.50 ( 70.73)
Test: [ 168/3125]	Time  0.458 ( 0.355)	Loss 1.2408e+01 (3.4997e+00)	Acc@1  31.25 ( 48.30)	Acc@5  62.50 ( 70.56)
Test: [ 176/3125]	Time  0.541 ( 0.353)	Loss 1.0673e+00 (3.4716e+00)	Acc@1  68.75 ( 47.99)	Acc@5  87.50 ( 70.94)
Test: [ 184/3125]	Time  0.253 ( 0.351)	Loss 3.5830e+00 (3.4648e+00)	Acc@1  50.00 ( 48.14)	Acc@5  68.75 ( 70.61)
Test: [ 192/3125]	Time  0.378 ( 0.349)	Loss 3.6349e+00 (3.4849e+00)	Acc@1  43.75 ( 47.64)	Acc@5  75.00 ( 70.30)
Test: [ 200/3125]	Time  0.642 ( 0.348)	Loss 2.9661e+00 (3.4820e+00)	Acc@1  50.00 ( 47.01)	Acc@5  68.75 ( 70.12)
Test: [ 208/3125]	Time  0.567 ( 0.346)	Loss 5.4677e+00 (3.6377e+00)	Acc@1  18.75 ( 46.62)	Acc@5  62.50 ( 69.80)
Test: [ 216/3125]	Time  0.436 ( 0.349)	Loss 3.1541e+00 (3.6234e+00)	Acc@1  56.25 ( 46.23)	Acc@5  68.75 ( 69.73)
Test: [ 224/3125]	Time  0.264 ( 0.343)	Loss 3.7942e+00 (3.6217e+00)	Acc@1  43.75 ( 46.33)	Acc@5  56.25 ( 69.81)
Test: [ 232/3125]	Time  0.460 ( 0.342)	Loss 1.0051e+00 (3.5724e+00)	Acc@1  62.50 ( 46.41)	Acc@5 100.00 ( 70.28)
Test: [ 240/3125]	Time  0.565 ( 0.341)	Loss 3.3640e+00 (3.5405e+00)	Acc@1  56.25 ( 46.68)	Acc@5  68.75 ( 70.31)
Test: [ 248/3125]	Time  0.404 ( 0.337)	Loss 5.3282e+00 (3.5844e+00)	Acc@1   0.00 ( 46.21)	Acc@5  25.00 ( 69.70)
Test: [ 256/3125]	Time  0.455 ( 0.337)	Loss 2.8526e+00 (3.5509e+00)	Acc@1  50.00 ( 46.47)	Acc@5  68.75 ( 69.70)
Test: [ 264/3125]	Time  0.549 ( 0.337)	Loss 1.8873e+00 (3.4857e+00)	Acc@1  62.50 ( 47.26)	Acc@5  81.25 ( 70.17)
Test: [ 272/3125]	Time  0.540 ( 0.336)	Loss 1.0454e+00 (3.4518e+00)	Acc@1  87.50 ( 47.62)	Acc@5  87.50 ( 70.28)
Test: [ 280/3125]	Time  0.105 ( 0.335)	Loss 2.0921e+00 (3.4085e+00)	Acc@1  62.50 ( 48.33)	Acc@5  75.00 ( 70.73)
Test: [ 288/3125]	Time  0.094 ( 0.336)	Loss 4.5738e-01 (3.3593e+00)	Acc@1  93.75 ( 48.83)	Acc@5 100.00 ( 71.09)
Test: [ 296/3125]	Time  0.081 ( 0.335)	Loss 2.4178e+00 (3.3458e+00)	Acc@1  50.00 ( 48.91)	Acc@5  68.75 ( 71.09)
Test: [ 304/3125]	Time  0.234 ( 0.335)	Loss 4.2366e+00 (3.3364e+00)	Acc@1  37.50 ( 49.30)	Acc@5  62.50 ( 71.23)
Test: [ 312/3125]	Time  0.112 ( 0.335)	Loss 9.6127e-01 (3.3238e+00)	Acc@1  75.00 ( 49.22)	Acc@5  87.50 ( 71.19)
Test: [ 320/3125]	Time  0.087 ( 0.335)	Loss 6.4955e-01 (3.2863e+00)	Acc@1  93.75 ( 49.73)	Acc@5  93.75 ( 71.50)
Test: [ 328/3125]	Time  0.153 ( 0.334)	Loss 2.4160e+00 (3.2809e+00)	Acc@1  50.00 ( 49.54)	Acc@5  75.00 ( 71.37)
Test: [ 336/3125]	Time  0.209 ( 0.334)	Loss 7.9111e+00 (3.2959e+00)	Acc@1  37.50 ( 49.50)	Acc@5  50.00 ( 71.22)
Test: [ 344/3125]	Time  0.395 ( 0.334)	Loss 5.6095e+00 (3.3782e+00)	Acc@1  37.50 ( 49.38)	Acc@5  62.50 ( 71.21)
Test: [ 352/3125]	Time  0.216 ( 0.333)	Loss 2.2089e+00 (3.4082e+00)	Acc@1  56.25 ( 49.43)	Acc@5  62.50 ( 71.23)
Test: [ 360/3125]	Time  0.348 ( 0.334)	Loss 5.6743e+00 (3.4347e+00)	Acc@1  25.00 ( 49.20)	Acc@5  50.00 ( 70.98)
Test: [ 368/3125]	Time  0.077 ( 0.334)	Loss 3.3068e+00 (3.4487e+00)	Acc@1  62.50 ( 49.22)	Acc@5  81.25 ( 70.92)
Test: [ 376/3125]	Time  0.116 ( 0.335)	Loss 3.9607e+00 (3.4421e+00)	Acc@1  37.50 ( 49.09)	Acc@5  50.00 ( 70.79)
Test: [ 384/3125]	Time  0.078 ( 0.336)	Loss 9.1015e+00 (3.4518e+00)	Acc@1  43.75 ( 49.11)	Acc@5  62.50 ( 70.84)
Test: [ 392/3125]	Time  0.077 ( 0.335)	Loss 5.2015e+00 (3.5050e+00)	Acc@1  18.75 ( 48.57)	Acc@5  56.25 ( 70.53)
Test: [ 400/3125]	Time  0.254 ( 0.335)	Loss 2.4992e+00 (3.5241e+00)	Acc@1  37.50 ( 48.35)	Acc@5  56.25 ( 70.37)
Test: [ 408/3125]	Time  0.413 ( 0.334)	Loss 1.4061e+00 (3.4903e+00)	Acc@1  81.25 ( 48.50)	Acc@5  87.50 ( 70.55)
Test: [ 416/3125]	Time  0.585 ( 0.335)	Loss 2.1633e+00 (3.4578e+00)	Acc@1  68.75 ( 48.77)	Acc@5  75.00 ( 70.82)
Test: [ 424/3125]	Time  0.518 ( 0.334)	Loss 4.5770e-01 (3.4446e+00)	Acc@1  87.50 ( 48.81)	Acc@5  93.75 ( 70.78)
Test: [ 432/3125]	Time  0.486 ( 0.334)	Loss 1.7182e+00 (3.4184e+00)	Acc@1  56.25 ( 48.98)	Acc@5  87.50 ( 70.90)
Test: [ 440/3125]	Time  0.248 ( 0.333)	Loss 3.0016e+00 (3.3960e+00)	Acc@1  37.50 ( 49.12)	Acc@5  68.75 ( 71.02)
Test: [ 448/3125]	Time  0.273 ( 0.333)	Loss 1.5107e+00 (3.3685e+00)	Acc@1  68.75 ( 49.39)	Acc@5  87.50 ( 71.26)
Test: [ 456/3125]	Time  0.115 ( 0.332)	Loss 2.6675e+00 (3.3547e+00)	Acc@1  62.50 ( 49.62)	Acc@5  75.00 ( 71.40)
Test: [ 464/3125]	Time  0.079 ( 0.331)	Loss 1.8129e+00 (3.3439e+00)	Acc@1  56.25 ( 49.87)	Acc@5  87.50 ( 71.53)
Test: [ 472/3125]	Time  0.190 ( 0.331)	Loss 5.3419e+00 (3.3587e+00)	Acc@1   6.25 ( 49.67)	Acc@5  25.00 ( 71.54)
Test: [ 480/3125]	Time  0.103 ( 0.330)	Loss 2.5356e+00 (3.3538e+00)	Acc@1  50.00 ( 49.48)	Acc@5  75.00 ( 71.47)
Test: [ 488/3125]	Time  0.082 ( 0.330)	Loss 3.7757e-01 (3.3517e+00)	Acc@1  93.75 ( 49.26)	Acc@5 100.00 ( 71.36)
Test: [ 496/3125]	Time  0.080 ( 0.328)	Loss 4.4407e+00 (3.3526e+00)	Acc@1  12.50 ( 48.99)	Acc@5  31.25 ( 71.18)
Test: [ 504/3125]	Time  0.092 ( 0.328)	Loss 1.5362e+00 (3.3350e+00)	Acc@1  56.25 ( 48.99)	Acc@5  81.25 ( 71.20)
Test: [ 512/3125]	Time  0.081 ( 0.328)	Loss 3.6930e+00 (3.3377e+00)	Acc@1  43.75 ( 48.75)	Acc@5  43.75 ( 71.09)
Test: [ 520/3125]	Time  0.108 ( 0.327)	Loss 3.2369e+00 (3.3424e+00)	Acc@1  12.50 ( 48.39)	Acc@5  75.00 ( 70.96)
Test: [ 528/3125]	Time  0.098 ( 0.327)	Loss 2.7494e+00 (3.3427e+00)	Acc@1  31.25 ( 48.07)	Acc@5  62.50 ( 70.86)
Test: [ 536/3125]	Time  0.084 ( 0.326)	Loss 2.5207e+00 (3.3450e+00)	Acc@1  56.25 ( 47.91)	Acc@5  75.00 ( 70.66)
Test: [ 544/3125]	Time  0.103 ( 0.326)	Loss 2.2475e+00 (3.3390e+00)	Acc@1  31.25 ( 47.87)	Acc@5  75.00 ( 70.64)
Test: [ 552/3125]	Time  0.094 ( 0.325)	Loss 3.2051e+00 (3.3466e+00)	Acc@1  37.50 ( 47.50)	Acc@5  68.75 ( 70.29)
Test: [ 560/3125]	Time  0.096 ( 0.325)	Loss 3.1269e+00 (3.3326e+00)	Acc@1  43.75 ( 47.65)	Acc@5  50.00 ( 70.31)
Test: [ 568/3125]	Time  0.089 ( 0.325)	Loss 4.6004e+00 (3.3382e+00)	Acc@1  50.00 ( 47.47)	Acc@5  62.50 ( 70.30)
Test: [ 576/3125]	Time  0.089 ( 0.324)	Loss 3.3526e+00 (3.3278e+00)	Acc@1  37.50 ( 47.45)	Acc@5  50.00 ( 70.29)
Test: [ 584/3125]	Time  0.078 ( 0.324)	Loss 3.6394e+00 (3.3267e+00)	Acc@1  37.50 ( 47.19)	Acc@5  56.25 ( 70.19)
Test: [ 592/3125]	Time  0.241 ( 0.324)	Loss 2.6368e+00 (3.3358e+00)	Acc@1  43.75 ( 46.90)	Acc@5  68.75 ( 69.98)
Test: [ 600/3125]	Time  0.215 ( 0.324)	Loss 3.4965e+00 (3.3339e+00)	Acc@1  37.50 ( 46.81)	Acc@5  62.50 ( 69.88)
Test: [ 608/3125]	Time  0.477 ( 0.323)	Loss 2.8289e+00 (3.3302e+00)	Acc@1  31.25 ( 46.52)	Acc@5  68.75 ( 69.76)
Test: [ 616/3125]	Time  0.487 ( 0.323)	Loss 6.4808e+00 (3.3344e+00)	Acc@1  37.50 ( 46.43)	Acc@5  50.00 ( 69.67)
Test: [ 624/3125]	Time  0.236 ( 0.322)	Loss 4.3069e+00 (3.3435e+00)	Acc@1  25.00 ( 46.21)	Acc@5  56.25 ( 69.58)
Test: [ 632/3125]	Time  0.084 ( 0.322)	Loss 3.0359e+00 (3.3407e+00)	Acc@1  31.25 ( 46.09)	Acc@5  68.75 ( 69.58)
Test: [ 640/3125]	Time  0.082 ( 0.321)	Loss 4.0759e+00 (3.3368e+00)	Acc@1  25.00 ( 45.95)	Acc@5  43.75 ( 69.52)
Test: [ 648/3125]	Time  0.084 ( 0.321)	Loss 1.8381e+00 (3.3351e+00)	Acc@1  43.75 ( 45.82)	Acc@5  87.50 ( 69.47)
Test: [ 656/3125]	Time  0.098 ( 0.321)	Loss 2.5628e+00 (3.3303e+00)	Acc@1  56.25 ( 45.78)	Acc@5  81.25 ( 69.50)
Test: [ 664/3125]	Time  0.101 ( 0.320)	Loss 3.4282e+00 (3.3201e+00)	Acc@1  12.50 ( 45.75)	Acc@5  62.50 ( 69.58)
Test: [ 672/3125]	Time  0.091 ( 0.320)	Loss 4.8233e+00 (3.3163e+00)	Acc@1  25.00 ( 45.74)	Acc@5  50.00 ( 69.53)
Test: [ 680/3125]	Time  0.105 ( 0.320)	Loss 1.9506e+00 (3.3064e+00)	Acc@1  68.75 ( 45.81)	Acc@5  81.25 ( 69.64)
Test: [ 688/3125]	Time  0.194 ( 0.320)	Loss 3.8803e+00 (3.3016e+00)	Acc@1  18.75 ( 45.67)	Acc@5  62.50 ( 69.66)
Test: [ 696/3125]	Time  0.292 ( 0.320)	Loss 2.8457e+00 (3.2968e+00)	Acc@1  31.25 ( 45.58)	Acc@5  87.50 ( 69.67)
Test: [ 704/3125]	Time  0.620 ( 0.320)	Loss 2.4939e+00 (3.2985e+00)	Acc@1  43.75 ( 45.54)	Acc@5  68.75 ( 69.59)
Test: [ 712/3125]	Time  0.504 ( 0.319)	Loss 3.6348e+00 (3.3036e+00)	Acc@1  37.50 ( 45.34)	Acc@5  56.25 ( 69.42)
Test: [ 720/3125]	Time  0.293 ( 0.319)	Loss 2.3882e+00 (3.2973e+00)	Acc@1  25.00 ( 45.26)	Acc@5  75.00 ( 69.38)
Test: [ 728/3125]	Time  0.101 ( 0.319)	Loss 2.8700e+00 (3.2921e+00)	Acc@1  25.00 ( 45.13)	Acc@5  62.50 ( 69.40)
Test: [ 736/3125]	Time  0.186 ( 0.319)	Loss 2.7729e+00 (3.2885e+00)	Acc@1  37.50 ( 45.09)	Acc@5  62.50 ( 69.39)
Test: [ 744/3125]	Time  0.788 ( 0.319)	Loss 1.6969e+00 (3.2868e+00)	Acc@1  62.50 ( 45.04)	Acc@5  81.25 ( 69.38)
Test: [ 752/3125]	Time  0.550 ( 0.320)	Loss 3.5296e+00 (3.2785e+00)	Acc@1  12.50 ( 44.96)	Acc@5  87.50 ( 69.54)
Test: [ 760/3125]	Time  0.672 ( 0.320)	Loss 2.4514e+00 (3.2735e+00)	Acc@1  31.25 ( 44.91)	Acc@5  68.75 ( 69.53)
Test: [ 768/3125]	Time  0.541 ( 0.319)	Loss 3.1354e+00 (3.2626e+00)	Acc@1  31.25 ( 44.95)	Acc@5  62.50 ( 69.60)
Test: [ 776/3125]	Time  0.542 ( 0.319)	Loss 6.7456e+00 (3.2646e+00)	Acc@1  12.50 ( 44.80)	Acc@5  43.75 ( 69.57)
Test: [ 784/3125]	Time  0.191 ( 0.319)	Loss 2.1563e+00 (3.2548e+00)	Acc@1  56.25 ( 44.75)	Acc@5  75.00 ( 69.68)
Test: [ 792/3125]	Time  0.294 ( 0.319)	Loss 4.0164e+00 (3.2511e+00)	Acc@1  31.25 ( 44.74)	Acc@5  56.25 ( 69.66)
Test: [ 800/3125]	Time  0.467 ( 0.319)	Loss 2.2504e+00 (3.2406e+00)	Acc@1  43.75 ( 44.88)	Acc@5  75.00 ( 69.70)
Test: [ 808/3125]	Time  0.511 ( 0.319)	Loss 2.3370e+00 (3.2361e+00)	Acc@1  50.00 ( 44.82)	Acc@5  81.25 ( 69.68)
Test: [ 816/3125]	Time  0.471 ( 0.319)	Loss 1.9235e+00 (3.2290e+00)	Acc@1  50.00 ( 44.88)	Acc@5  81.25 ( 69.76)
Test: [ 824/3125]	Time  0.534 ( 0.319)	Loss 2.1089e+00 (3.2252e+00)	Acc@1  56.25 ( 44.87)	Acc@5  68.75 ( 69.72)
Test: [ 832/3125]	Time  0.333 ( 0.319)	Loss 4.9930e+00 (3.2337e+00)	Acc@1  12.50 ( 44.60)	Acc@5  50.00 ( 69.62)
Test: [ 840/3125]	Time  0.592 ( 0.319)	Loss 2.8364e+00 (3.2340e+00)	Acc@1  43.75 ( 44.47)	Acc@5  62.50 ( 69.55)
Test: [ 848/3125]	Time  0.799 ( 0.319)	Loss 4.1676e+00 (3.2361e+00)	Acc@1  31.25 ( 44.46)	Acc@5  56.25 ( 69.54)
Test: [ 856/3125]	Time  0.590 ( 0.319)	Loss 1.1015e+00 (3.2418e+00)	Acc@1  75.00 ( 44.35)	Acc@5  93.75 ( 69.41)
Test: [ 864/3125]	Time  0.421 ( 0.319)	Loss 4.2061e+00 (3.2343e+00)	Acc@1  43.75 ( 44.49)	Acc@5  50.00 ( 69.45)
Test: [ 872/3125]	Time  0.711 ( 0.319)	Loss 2.6832e+00 (3.2332e+00)	Acc@1  43.75 ( 44.42)	Acc@5  75.00 ( 69.43)
Test: [ 880/3125]	Time  0.609 ( 0.319)	Loss 2.7853e+00 (3.2316e+00)	Acc@1  37.50 ( 44.45)	Acc@5  56.25 ( 69.42)
Test: [ 888/3125]	Time  0.588 ( 0.319)	Loss 3.8806e+00 (3.2323e+00)	Acc@1  37.50 ( 44.34)	Acc@5  56.25 ( 69.40)
Test: [ 896/3125]	Time  0.306 ( 0.319)	Loss 3.1938e+00 (3.2334e+00)	Acc@1  68.75 ( 44.34)	Acc@5  87.50 ( 69.38)
Test: [ 904/3125]	Time  0.542 ( 0.319)	Loss 2.8453e+00 (3.2411e+00)	Acc@1  56.25 ( 44.24)	Acc@5  75.00 ( 69.44)
Test: [ 912/3125]	Time  0.537 ( 0.318)	Loss 3.1591e+00 (3.2390e+00)	Acc@1  50.00 ( 44.38)	Acc@5  75.00 ( 69.48)
Test: [ 920/3125]	Time  0.091 ( 0.318)	Loss 2.3458e+00 (3.2332e+00)	Acc@1  43.75 ( 44.46)	Acc@5  75.00 ( 69.56)
Test: [ 928/3125]	Time  0.276 ( 0.318)	Loss 2.1402e+00 (3.2309e+00)	Acc@1  56.25 ( 44.50)	Acc@5  81.25 ( 69.57)
Test: [ 936/3125]	Time  0.423 ( 0.318)	Loss 3.8368e+00 (3.2346e+00)	Acc@1  31.25 ( 44.44)	Acc@5  62.50 ( 69.48)
Test: [ 944/3125]	Time  0.577 ( 0.318)	Loss 2.2988e+00 (3.2260e+00)	Acc@1  50.00 ( 44.58)	Acc@5  68.75 ( 69.56)
Test: [ 952/3125]	Time  0.603 ( 0.318)	Loss 1.9180e+00 (3.2420e+00)	Acc@1  50.00 ( 44.43)	Acc@5  81.25 ( 69.51)
Test: [ 960/3125]	Time  0.405 ( 0.318)	Loss 2.4452e+00 (3.2492e+00)	Acc@1  37.50 ( 44.45)	Acc@5  62.50 ( 69.52)
Test: [ 968/3125]	Time  0.112 ( 0.317)	Loss 4.7993e+00 (3.2656e+00)	Acc@1  31.25 ( 44.41)	Acc@5  68.75 ( 69.54)
Test: [ 976/3125]	Time  0.414 ( 0.318)	Loss 3.2359e+00 (3.2883e+00)	Acc@1  25.00 ( 44.20)	Acc@5  62.50 ( 69.42)
Test: [ 984/3125]	Time  0.526 ( 0.318)	Loss 6.5144e+00 (3.3211e+00)	Acc@1  12.50 ( 44.00)	Acc@5  31.25 ( 69.25)
Test: [ 992/3125]	Time  0.482 ( 0.318)	Loss 5.6468e+00 (3.3257e+00)	Acc@1  43.75 ( 44.03)	Acc@5  62.50 ( 69.25)
Test: [1000/3125]	Time  0.395 ( 0.318)	Loss 8.5556e-01 (3.3239e+00)	Acc@1  87.50 ( 44.03)	Acc@5  93.75 ( 69.25)
Test: [1008/3125]	Time  0.085 ( 0.318)	Loss 1.1336e+00 (3.3095e+00)	Acc@1  62.50 ( 44.23)	Acc@5  93.75 ( 69.40)
Test: [1016/3125]	Time  0.116 ( 0.318)	Loss 1.8110e+00 (3.2976e+00)	Acc@1  81.25 ( 44.48)	Acc@5  87.50 ( 69.56)
Test: [1024/3125]	Time  0.086 ( 0.319)	Loss 5.5300e+00 (3.2951e+00)	Acc@1  56.25 ( 44.59)	Acc@5  62.50 ( 69.62)
Test: [1032/3125]	Time  0.114 ( 0.319)	Loss 4.9820e+00 (3.3107e+00)	Acc@1  31.25 ( 44.52)	Acc@5  50.00 ( 69.56)
Test: [1040/3125]	Time  0.085 ( 0.319)	Loss 1.0039e+00 (3.3083e+00)	Acc@1  75.00 ( 44.51)	Acc@5 100.00 ( 69.56)
Test: [1048/3125]	Time  0.084 ( 0.319)	Loss 4.0918e+00 (3.3061e+00)	Acc@1  18.75 ( 44.60)	Acc@5  50.00 ( 69.59)
Test: [1056/3125]	Time  0.098 ( 0.319)	Loss 5.2127e+00 (3.3041e+00)	Acc@1  18.75 ( 44.61)	Acc@5  56.25 ( 69.56)
Test: [1064/3125]	Time  0.365 ( 0.319)	Loss 1.4630e+00 (3.2933e+00)	Acc@1  87.50 ( 44.78)	Acc@5  87.50 ( 69.65)
Test: [1072/3125]	Time  0.476 ( 0.319)	Loss 1.8524e+00 (3.2933e+00)	Acc@1  56.25 ( 44.74)	Acc@5  81.25 ( 69.57)
Test: [1080/3125]	Time  0.442 ( 0.318)	Loss 3.6658e+00 (3.2873e+00)	Acc@1   6.25 ( 44.76)	Acc@5  50.00 ( 69.58)
Test: [1088/3125]	Time  0.689 ( 0.318)	Loss 3.3840e+00 (3.2836e+00)	Acc@1  31.25 ( 44.77)	Acc@5  62.50 ( 69.58)
Test: [1096/3125]	Time  0.460 ( 0.318)	Loss 2.2949e+00 (3.2774e+00)	Acc@1  37.50 ( 44.75)	Acc@5  81.25 ( 69.64)
Test: [1104/3125]	Time  0.528 ( 0.318)	Loss 2.8514e+00 (3.2725e+00)	Acc@1  31.25 ( 44.77)	Acc@5  62.50 ( 69.70)
Test: [1112/3125]	Time  0.219 ( 0.318)	Loss 3.7634e+00 (3.2712e+00)	Acc@1  25.00 ( 44.75)	Acc@5  56.25 ( 69.70)
Test: [1120/3125]	Time  0.456 ( 0.317)	Loss 2.6723e+00 (3.2747e+00)	Acc@1  31.25 ( 44.63)	Acc@5  68.75 ( 69.59)
Test: [1128/3125]	Time  0.675 ( 0.317)	Loss 3.1668e+00 (3.2775e+00)	Acc@1  43.75 ( 44.56)	Acc@5  68.75 ( 69.53)
Test: [1136/3125]	Time  0.903 ( 0.318)	Loss 2.0082e+00 (3.2751e+00)	Acc@1  75.00 ( 44.67)	Acc@5  81.25 ( 69.55)
Test: [1144/3125]	Time  0.456 ( 0.318)	Loss 2.5872e+00 (3.2713e+00)	Acc@1  50.00 ( 44.75)	Acc@5  68.75 ( 69.57)
Test: [1152/3125]	Time  0.322 ( 0.317)	Loss 2.3091e+00 (3.2731e+00)	Acc@1  43.75 ( 44.69)	Acc@5  56.25 ( 69.49)
Test: [1160/3125]	Time  0.266 ( 0.317)	Loss 4.1194e+00 (3.2793e+00)	Acc@1  31.25 ( 44.59)	Acc@5  50.00 ( 69.37)
Test: [1168/3125]	Time  0.794 ( 0.317)	Loss 3.7781e+00 (3.2803e+00)	Acc@1  18.75 ( 44.50)	Acc@5  50.00 ( 69.30)
Test: [1176/3125]	Time  0.557 ( 0.317)	Loss 1.3306e+00 (3.2845e+00)	Acc@1  75.00 ( 44.48)	Acc@5  93.75 ( 69.20)
Test: [1184/3125]	Time  0.542 ( 0.317)	Loss 3.7548e+00 (3.2849e+00)	Acc@1  50.00 ( 44.48)	Acc@5  56.25 ( 69.17)
Test: [1192/3125]	Time  0.115 ( 0.317)	Loss 8.1191e+00 (3.2881e+00)	Acc@1  18.75 ( 44.42)	Acc@5  37.50 ( 69.14)
Test: [1200/3125]	Time  0.302 ( 0.317)	Loss 1.5053e+00 (3.2877e+00)	Acc@1  50.00 ( 44.40)	Acc@5  87.50 ( 69.12)
Test: [1208/3125]	Time  0.258 ( 0.317)	Loss 1.8625e+00 (3.2830e+00)	Acc@1  37.50 ( 44.37)	Acc@5  93.75 ( 69.16)
Test: [1216/3125]	Time  0.339 ( 0.317)	Loss 1.5879e+00 (3.2784e+00)	Acc@1  56.25 ( 44.48)	Acc@5  93.75 ( 69.22)
Test: [1224/3125]	Time  0.180 ( 0.317)	Loss 3.6671e+00 (3.2835e+00)	Acc@1  37.50 ( 44.41)	Acc@5  56.25 ( 69.15)
Test: [1232/3125]	Time  0.095 ( 0.317)	Loss 2.7358e+00 (3.2969e+00)	Acc@1  31.25 ( 44.49)	Acc@5  68.75 ( 69.20)
Test: [1240/3125]	Time  0.102 ( 0.317)	Loss 3.6803e+00 (3.3036e+00)	Acc@1  75.00 ( 44.52)	Acc@5  81.25 ( 69.17)
Test: [1248/3125]	Time  0.372 ( 0.317)	Loss 5.6723e+00 (3.3119e+00)	Acc@1  37.50 ( 44.52)	Acc@5  62.50 ( 69.16)
Test: [1256/3125]	Time  0.522 ( 0.317)	Loss 5.8971e+00 (3.3141e+00)	Acc@1  25.00 ( 44.49)	Acc@5  50.00 ( 69.11)
Test: [1264/3125]	Time  0.397 ( 0.317)	Loss 8.9012e-01 (3.3089e+00)	Acc@1  75.00 ( 44.57)	Acc@5  93.75 ( 69.14)
Test: [1272/3125]	Time  0.708 ( 0.317)	Loss 1.2032e+00 (3.3055e+00)	Acc@1  75.00 ( 44.56)	Acc@5  93.75 ( 69.17)
Test: [1280/3125]	Time  0.440 ( 0.317)	Loss 2.5390e+00 (3.3067e+00)	Acc@1  43.75 ( 44.54)	Acc@5  75.00 ( 69.11)
Test: [1288/3125]	Time  0.377 ( 0.317)	Loss 5.4889e+00 (3.3156e+00)	Acc@1   6.25 ( 44.44)	Acc@5  25.00 ( 69.01)
Test: [1296/3125]	Time  0.091 ( 0.317)	Loss 7.8896e+00 (3.3318e+00)	Acc@1  12.50 ( 44.29)	Acc@5  31.25 ( 68.88)
Test: [1304/3125]	Time  0.086 ( 0.317)	Loss 1.8124e+00 (3.3362e+00)	Acc@1  62.50 ( 44.25)	Acc@5  87.50 ( 68.81)
Test: [1312/3125]	Time  0.083 ( 0.317)	Loss 1.8699e+00 (3.3413e+00)	Acc@1  68.75 ( 44.15)	Acc@5  75.00 ( 68.73)
Test: [1320/3125]	Time  0.087 ( 0.317)	Loss 5.0576e+00 (3.3430e+00)	Acc@1  37.50 ( 44.12)	Acc@5  50.00 ( 68.66)
Test: [1328/3125]	Time  0.084 ( 0.317)	Loss 1.8092e+00 (3.3429e+00)	Acc@1  62.50 ( 44.11)	Acc@5  81.25 ( 68.62)
Test: [1336/3125]	Time  0.081 ( 0.317)	Loss 4.5792e+00 (3.3421e+00)	Acc@1  12.50 ( 44.14)	Acc@5  56.25 ( 68.64)
Test: [1344/3125]	Time  0.386 ( 0.317)	Loss 2.2807e+00 (3.3441e+00)	Acc@1  68.75 ( 44.11)	Acc@5  68.75 ( 68.60)
Test: [1352/3125]	Time  0.300 ( 0.317)	Loss 3.2718e+00 (3.3397e+00)	Acc@1  31.25 ( 44.17)	Acc@5  50.00 ( 68.61)
Test: [1360/3125]	Time  0.286 ( 0.317)	Loss 3.9181e+00 (3.3501e+00)	Acc@1  25.00 ( 44.06)	Acc@5  62.50 ( 68.50)
Test: [1368/3125]	Time  0.246 ( 0.317)	Loss 3.7739e+00 (3.3519e+00)	Acc@1  37.50 ( 44.00)	Acc@5  50.00 ( 68.46)
Test: [1376/3125]	Time  0.108 ( 0.317)	Loss 5.2467e+00 (3.3554e+00)	Acc@1  25.00 ( 43.95)	Acc@5  56.25 ( 68.37)
Test: [1384/3125]	Time  0.091 ( 0.317)	Loss 7.0493e+00 (3.3570e+00)	Acc@1  37.50 ( 43.92)	Acc@5  56.25 ( 68.36)
Test: [1392/3125]	Time  0.203 ( 0.317)	Loss 7.5995e+00 (3.3693e+00)	Acc@1  18.75 ( 43.82)	Acc@5  37.50 ( 68.30)
Test: [1400/3125]	Time  0.080 ( 0.316)	Loss 4.1797e+00 (3.3845e+00)	Acc@1  25.00 ( 43.65)	Acc@5  56.25 ( 68.14)
Test: [1408/3125]	Time  0.085 ( 0.316)	Loss 1.7440e+00 (3.3839e+00)	Acc@1  62.50 ( 43.68)	Acc@5  87.50 ( 68.16)
Test: [1416/3125]	Time  0.119 ( 0.316)	Loss 2.0551e+00 (3.3926e+00)	Acc@1  56.25 ( 43.65)	Acc@5  81.25 ( 68.11)
Test: [1424/3125]	Time  0.092 ( 0.316)	Loss 5.4689e+00 (3.3957e+00)	Acc@1  31.25 ( 43.61)	Acc@5  56.25 ( 68.06)
Test: [1432/3125]	Time  0.090 ( 0.316)	Loss 2.2161e+00 (3.4010e+00)	Acc@1  50.00 ( 43.51)	Acc@5  87.50 ( 67.95)
Test: [1440/3125]	Time  0.100 ( 0.316)	Loss 2.6807e+00 (3.4014e+00)	Acc@1  25.00 ( 43.46)	Acc@5  75.00 ( 67.92)
Test: [1448/3125]	Time  0.077 ( 0.316)	Loss 3.9827e+00 (3.4142e+00)	Acc@1  18.75 ( 43.34)	Acc@5  50.00 ( 67.81)
Test: [1456/3125]	Time  0.191 ( 0.316)	Loss 3.6779e+00 (3.4241e+00)	Acc@1  43.75 ( 43.23)	Acc@5  56.25 ( 67.68)
Test: [1464/3125]	Time  0.313 ( 0.317)	Loss 2.1290e+00 (3.4189e+00)	Acc@1  50.00 ( 43.31)	Acc@5  75.00 ( 67.73)
Test: [1472/3125]	Time  0.176 ( 0.316)	Loss 3.9213e+00 (3.4248e+00)	Acc@1  18.75 ( 43.22)	Acc@5  56.25 ( 67.59)
Test: [1480/3125]	Time  0.390 ( 0.316)	Loss 4.6631e+00 (3.4218e+00)	Acc@1   6.25 ( 43.21)	Acc@5  25.00 ( 67.55)
Test: [1488/3125]	Time  0.450 ( 0.316)	Loss 3.9373e+00 (3.4290e+00)	Acc@1  50.00 ( 43.23)	Acc@5  68.75 ( 67.52)
Test: [1496/3125]	Time  0.247 ( 0.316)	Loss 4.0786e+00 (3.4304e+00)	Acc@1  31.25 ( 43.17)	Acc@5  56.25 ( 67.45)
Test: [1504/3125]	Time  0.264 ( 0.316)	Loss 4.2237e+00 (3.4353e+00)	Acc@1  18.75 ( 43.08)	Acc@5  37.50 ( 67.35)
Test: [1512/3125]	Time  0.376 ( 0.316)	Loss 2.7027e+00 (3.4382e+00)	Acc@1  31.25 ( 42.98)	Acc@5  68.75 ( 67.28)
Test: [1520/3125]	Time  0.278 ( 0.316)	Loss 3.2432e+00 (3.4344e+00)	Acc@1  50.00 ( 42.97)	Acc@5  68.75 ( 67.30)
Test: [1528/3125]	Time  0.537 ( 0.315)	Loss 8.1719e+00 (3.4469e+00)	Acc@1  25.00 ( 42.84)	Acc@5  31.25 ( 67.16)
Test: [1536/3125]	Time  0.129 ( 0.315)	Loss 2.7831e+00 (3.4574e+00)	Acc@1  50.00 ( 42.79)	Acc@5  75.00 ( 67.09)
Test: [1544/3125]	Time  0.299 ( 0.315)	Loss 5.3284e+00 (3.4638e+00)	Acc@1  12.50 ( 42.67)	Acc@5  18.75 ( 66.95)
Test: [1552/3125]	Time  0.421 ( 0.315)	Loss 2.0906e+00 (3.4611e+00)	Acc@1  68.75 ( 42.69)	Acc@5  81.25 ( 66.91)
Test: [1560/3125]	Time  0.426 ( 0.315)	Loss 5.2969e+00 (3.4645e+00)	Acc@1   6.25 ( 42.60)	Acc@5  25.00 ( 66.85)
Test: [1568/3125]	Time  0.082 ( 0.315)	Loss 5.7197e+00 (3.4671e+00)	Acc@1   0.00 ( 42.58)	Acc@5  18.75 ( 66.77)
Test: [1576/3125]	Time  0.283 ( 0.314)	Loss 5.0280e+00 (3.4741e+00)	Acc@1   6.25 ( 42.46)	Acc@5  18.75 ( 66.59)
Test: [1584/3125]	Time  0.290 ( 0.314)	Loss 1.6440e+01 (3.4982e+00)	Acc@1  12.50 ( 42.33)	Acc@5  31.25 ( 66.44)
Test: [1592/3125]	Time  0.578 ( 0.315)	Loss 5.8879e+00 (3.5032e+00)	Acc@1  31.25 ( 42.27)	Acc@5  43.75 ( 66.37)
Test: [1600/3125]	Time  0.365 ( 0.314)	Loss 5.0017e+00 (3.4980e+00)	Acc@1   6.25 ( 42.27)	Acc@5  25.00 ( 66.40)
Test: [1608/3125]	Time  0.297 ( 0.314)	Loss 4.4195e+00 (3.5025e+00)	Acc@1  25.00 ( 42.15)	Acc@5  43.75 ( 66.29)
Test: [1616/3125]	Time  0.254 ( 0.314)	Loss 3.1484e+00 (3.5122e+00)	Acc@1  37.50 ( 42.03)	Acc@5  56.25 ( 66.14)
Test: [1624/3125]	Time  0.425 ( 0.314)	Loss 4.2337e+00 (3.5157e+00)	Acc@1  31.25 ( 42.00)	Acc@5  50.00 ( 66.10)
Test: [1632/3125]	Time  0.188 ( 0.314)	Loss 5.3944e+00 (3.5154e+00)	Acc@1  18.75 ( 41.98)	Acc@5  50.00 ( 66.08)
Test: [1640/3125]	Time  0.100 ( 0.314)	Loss 2.4866e+00 (3.5199e+00)	Acc@1  31.25 ( 41.91)	Acc@5  68.75 ( 66.01)
Test: [1648/3125]	Time  0.096 ( 0.314)	Loss 2.2771e+00 (3.5178e+00)	Acc@1  25.00 ( 41.84)	Acc@5  87.50 ( 66.01)
Test: [1656/3125]	Time  0.083 ( 0.314)	Loss 5.0022e+00 (3.5211e+00)	Acc@1  31.25 ( 41.82)	Acc@5  50.00 ( 65.96)
Test: [1664/3125]	Time  0.374 ( 0.314)	Loss 2.2467e+00 (3.5289e+00)	Acc@1  56.25 ( 41.76)	Acc@5  81.25 ( 65.89)
Test: [1672/3125]	Time  0.518 ( 0.314)	Loss 1.2157e+00 (3.5285e+00)	Acc@1  87.50 ( 41.78)	Acc@5  87.50 ( 65.91)
Test: [1680/3125]	Time  0.426 ( 0.314)	Loss 2.6828e+00 (3.5253e+00)	Acc@1  62.50 ( 41.82)	Acc@5  68.75 ( 65.98)
Test: [1688/3125]	Time  0.645 ( 0.314)	Loss 1.7079e+00 (3.5340e+00)	Acc@1  62.50 ( 41.79)	Acc@5  81.25 ( 65.97)
Test: [1696/3125]	Time  0.440 ( 0.313)	Loss 4.5212e+00 (3.5397e+00)	Acc@1  12.50 ( 41.70)	Acc@5  37.50 ( 65.87)
Test: [1704/3125]	Time  0.512 ( 0.314)	Loss 3.6413e+00 (3.5437e+00)	Acc@1  50.00 ( 41.66)	Acc@5  75.00 ( 65.83)
Test: [1712/3125]	Time  0.410 ( 0.314)	Loss 1.9302e+00 (3.5423e+00)	Acc@1  81.25 ( 41.69)	Acc@5  93.75 ( 65.84)
Test: [1720/3125]	Time  0.227 ( 0.313)	Loss 2.5594e+00 (3.5393e+00)	Acc@1  31.25 ( 41.75)	Acc@5  62.50 ( 65.88)
Test: [1728/3125]	Time  0.493 ( 0.313)	Loss 1.8827e+00 (3.5377e+00)	Acc@1  56.25 ( 41.78)	Acc@5  87.50 ( 65.91)
Test: [1736/3125]	Time  0.293 ( 0.313)	Loss 2.7909e+00 (3.5295e+00)	Acc@1  56.25 ( 41.90)	Acc@5  68.75 ( 65.99)
Test: [1744/3125]	Time  0.616 ( 0.313)	Loss 5.4739e+00 (3.5355e+00)	Acc@1  12.50 ( 41.82)	Acc@5  25.00 ( 65.88)
Test: [1752/3125]	Time  0.387 ( 0.313)	Loss 2.8663e+00 (3.5422e+00)	Acc@1  56.25 ( 41.76)	Acc@5  68.75 ( 65.82)
Test: [1760/3125]	Time  0.299 ( 0.313)	Loss 3.9910e+00 (3.5434e+00)	Acc@1  43.75 ( 41.77)	Acc@5  62.50 ( 65.80)
Test: [1768/3125]	Time  0.345 ( 0.313)	Loss 2.6428e+00 (3.5414e+00)	Acc@1  56.25 ( 41.82)	Acc@5  81.25 ( 65.82)
Test: [1776/3125]	Time  0.404 ( 0.313)	Loss 4.5479e+00 (3.5502e+00)	Acc@1  25.00 ( 41.76)	Acc@5  56.25 ( 65.74)
Test: [1784/3125]	Time  0.513 ( 0.313)	Loss 3.5885e+00 (3.5558e+00)	Acc@1  18.75 ( 41.76)	Acc@5  56.25 ( 65.71)
Test: [1792/3125]	Time  0.523 ( 0.313)	Loss 2.3457e+00 (3.5544e+00)	Acc@1  50.00 ( 41.76)	Acc@5  75.00 ( 65.70)
Test: [1800/3125]	Time  0.529 ( 0.313)	Loss 9.7517e-01 (3.5536e+00)	Acc@1  81.25 ( 41.79)	Acc@5  93.75 ( 65.68)
Test: [1808/3125]	Time  0.359 ( 0.313)	Loss 4.0002e+00 (3.5539e+00)	Acc@1  25.00 ( 41.79)	Acc@5  62.50 ( 65.67)
Test: [1816/3125]	Time  0.499 ( 0.313)	Loss 2.6548e+00 (3.5529e+00)	Acc@1  50.00 ( 41.82)	Acc@5  81.25 ( 65.69)
Test: [1824/3125]	Time  0.329 ( 0.313)	Loss 3.1494e+00 (3.5572e+00)	Acc@1  37.50 ( 41.78)	Acc@5  56.25 ( 65.65)
Test: [1832/3125]	Time  0.677 ( 0.314)	Loss 4.9150e+00 (3.5668e+00)	Acc@1  37.50 ( 41.69)	Acc@5  56.25 ( 65.53)
Test: [1840/3125]	Time  0.572 ( 0.314)	Loss 3.0320e+00 (3.5700e+00)	Acc@1  31.25 ( 41.65)	Acc@5  75.00 ( 65.47)
Test: [1848/3125]	Time  0.573 ( 0.314)	Loss 1.9277e+00 (3.5771e+00)	Acc@1  56.25 ( 41.58)	Acc@5  81.25 ( 65.37)
Test: [1856/3125]	Time  0.456 ( 0.314)	Loss 3.1056e+00 (3.5790e+00)	Acc@1  43.75 ( 41.54)	Acc@5  62.50 ( 65.32)
Test: [1864/3125]	Time  0.684 ( 0.315)	Loss 6.0133e+00 (3.5787e+00)	Acc@1   6.25 ( 41.53)	Acc@5  31.25 ( 65.32)
Test: [1872/3125]	Time  0.377 ( 0.315)	Loss 9.8971e+00 (3.5905e+00)	Acc@1  12.50 ( 41.49)	Acc@5  43.75 ( 65.27)
Test: [1880/3125]	Time  0.451 ( 0.315)	Loss 5.1870e+00 (3.6041e+00)	Acc@1  12.50 ( 41.35)	Acc@5  50.00 ( 65.13)
Test: [1888/3125]	Time  0.253 ( 0.315)	Loss 3.3109e+00 (3.6045e+00)	Acc@1  25.00 ( 41.31)	Acc@5  68.75 ( 65.09)
Test: [1896/3125]	Time  0.366 ( 0.315)	Loss 4.4942e+00 (3.6058e+00)	Acc@1  31.25 ( 41.30)	Acc@5  43.75 ( 65.05)
Test: [1904/3125]	Time  0.389 ( 0.316)	Loss 3.9352e+00 (3.6036e+00)	Acc@1  37.50 ( 41.38)	Acc@5  68.75 ( 65.09)
Test: [1912/3125]	Time  0.357 ( 0.316)	Loss 3.1160e+00 (3.6021e+00)	Acc@1  43.75 ( 41.40)	Acc@5  62.50 ( 65.08)
Test: [1920/3125]	Time  0.675 ( 0.316)	Loss 3.5207e+00 (3.6002e+00)	Acc@1  37.50 ( 41.39)	Acc@5  75.00 ( 65.10)
Test: [1928/3125]	Time  0.168 ( 0.316)	Loss 2.1794e+00 (3.6042e+00)	Acc@1  50.00 ( 41.35)	Acc@5  75.00 ( 65.07)
Test: [1936/3125]	Time  0.278 ( 0.316)	Loss 6.2478e+00 (3.6151e+00)	Acc@1  37.50 ( 41.27)	Acc@5  50.00 ( 64.95)
Test: [1944/3125]	Time  0.359 ( 0.316)	Loss 5.0922e+00 (3.6184e+00)	Acc@1  37.50 ( 41.22)	Acc@5  50.00 ( 64.90)
Test: [1952/3125]	Time  0.286 ( 0.317)	Loss 2.6206e+00 (3.6309e+00)	Acc@1  37.50 ( 41.15)	Acc@5  62.50 ( 64.79)
Test: [1960/3125]	Time  0.098 ( 0.317)	Loss 2.9639e+00 (3.6293e+00)	Acc@1  50.00 ( 41.18)	Acc@5  62.50 ( 64.77)
Test: [1968/3125]	Time  0.340 ( 0.317)	Loss 2.8102e+00 (3.6268e+00)	Acc@1  43.75 ( 41.22)	Acc@5  62.50 ( 64.78)
Test: [1976/3125]	Time  0.096 ( 0.317)	Loss 1.1512e+01 (3.6338e+00)	Acc@1  31.25 ( 41.21)	Acc@5  43.75 ( 64.75)
Test: [1984/3125]	Time  0.240 ( 0.317)	Loss 2.6595e+00 (3.6411e+00)	Acc@1  43.75 ( 41.14)	Acc@5  75.00 ( 64.65)
Test: [1992/3125]	Time  0.379 ( 0.317)	Loss 2.6191e+00 (3.6503e+00)	Acc@1  56.25 ( 41.07)	Acc@5  68.75 ( 64.59)
Test: [2000/3125]	Time  0.438 ( 0.318)	Loss 4.2921e+00 (3.6507e+00)	Acc@1  68.75 ( 41.01)	Acc@5  81.25 ( 64.62)
Test: [2008/3125]	Time  0.291 ( 0.318)	Loss 4.5899e+00 (3.6551e+00)	Acc@1  25.00 ( 40.99)	Acc@5  50.00 ( 64.58)
Test: [2016/3125]	Time  0.290 ( 0.318)	Loss 1.9722e+00 (3.6600e+00)	Acc@1  75.00 ( 40.95)	Acc@5  75.00 ( 64.53)
Test: [2024/3125]	Time  0.258 ( 0.318)	Loss 4.1758e+00 (3.6609e+00)	Acc@1  18.75 ( 40.99)	Acc@5  50.00 ( 64.52)
Test: [2032/3125]	Time  0.089 ( 0.319)	Loss 1.0246e+01 (3.6634e+00)	Acc@1   0.00 ( 40.96)	Acc@5  25.00 ( 64.51)
Test: [2040/3125]	Time  0.247 ( 0.319)	Loss 4.6133e+00 (3.6666e+00)	Acc@1  12.50 ( 40.90)	Acc@5  43.75 ( 64.44)
Test: [2048/3125]	Time  0.322 ( 0.319)	Loss 4.3340e+00 (3.6680e+00)	Acc@1  25.00 ( 40.83)	Acc@5  56.25 ( 64.42)
Test: [2056/3125]	Time  1.024 ( 0.319)	Loss 8.4453e+00 (3.6713e+00)	Acc@1  12.50 ( 40.76)	Acc@5  37.50 ( 64.35)
Test: [2064/3125]	Time  0.707 ( 0.319)	Loss 3.0641e+00 (3.6754e+00)	Acc@1  31.25 ( 40.76)	Acc@5  62.50 ( 64.36)
Test: [2072/3125]	Time  0.809 ( 0.320)	Loss 3.0546e+00 (3.6721e+00)	Acc@1  25.00 ( 40.77)	Acc@5  62.50 ( 64.36)
Test: [2080/3125]	Time  0.644 ( 0.320)	Loss 4.9412e+00 (3.6719e+00)	Acc@1  12.50 ( 40.69)	Acc@5  50.00 ( 64.36)
Test: [2088/3125]	Time  0.600 ( 0.320)	Loss 2.1484e+00 (3.6743e+00)	Acc@1  43.75 ( 40.63)	Acc@5  87.50 ( 64.32)
Test: [2096/3125]	Time  0.657 ( 0.320)	Loss 2.6469e+00 (3.6690e+00)	Acc@1  56.25 ( 40.69)	Acc@5  68.75 ( 64.36)
Test: [2104/3125]	Time  0.842 ( 0.321)	Loss 4.6021e+00 (3.6699e+00)	Acc@1   6.25 ( 40.66)	Acc@5  37.50 ( 64.33)
Test: [2112/3125]	Time  0.777 ( 0.321)	Loss 7.3701e+00 (3.6746e+00)	Acc@1   0.00 ( 40.58)	Acc@5  12.50 ( 64.23)
Test: [2120/3125]	Time  0.690 ( 0.321)	Loss 3.7565e+00 (3.6848e+00)	Acc@1  31.25 ( 40.47)	Acc@5  43.75 ( 64.09)
Test: [2128/3125]	Time  0.563 ( 0.321)	Loss 4.0565e+00 (3.6871e+00)	Acc@1  31.25 ( 40.47)	Acc@5  50.00 ( 64.08)
Test: [2136/3125]	Time  0.260 ( 0.321)	Loss 4.8879e+00 (3.6915e+00)	Acc@1  37.50 ( 40.45)	Acc@5  56.25 ( 64.04)
Test: [2144/3125]	Time  0.381 ( 0.322)	Loss 6.7316e+00 (3.6904e+00)	Acc@1   0.00 ( 40.47)	Acc@5  25.00 ( 64.04)
Test: [2152/3125]	Time  0.553 ( 0.322)	Loss 1.4496e+00 (3.6875e+00)	Acc@1  75.00 ( 40.51)	Acc@5  81.25 ( 64.06)
Test: [2160/3125]	Time  0.078 ( 0.322)	Loss 4.1210e+00 (3.6932e+00)	Acc@1  12.50 ( 40.44)	Acc@5  50.00 ( 63.98)
Test: [2168/3125]	Time  0.267 ( 0.322)	Loss 3.3793e+00 (3.6945e+00)	Acc@1  37.50 ( 40.40)	Acc@5  68.75 ( 63.95)
Test: [2176/3125]	Time  0.664 ( 0.323)	Loss 6.0095e+00 (3.6971e+00)	Acc@1  25.00 ( 40.40)	Acc@5  31.25 ( 63.90)
Test: [2184/3125]	Time  0.310 ( 0.323)	Loss 2.0972e+00 (3.6937e+00)	Acc@1  56.25 ( 40.40)	Acc@5  68.75 ( 63.91)
Test: [2192/3125]	Time  0.230 ( 0.323)	Loss 1.3123e+00 (3.6940e+00)	Acc@1  81.25 ( 40.42)	Acc@5  87.50 ( 63.90)
Test: [2200/3125]	Time  0.530 ( 0.323)	Loss 5.1550e+00 (3.6968e+00)	Acc@1  18.75 ( 40.38)	Acc@5  50.00 ( 63.87)
Test: [2208/3125]	Time  0.611 ( 0.323)	Loss 2.5712e+00 (3.6972e+00)	Acc@1  50.00 ( 40.34)	Acc@5  68.75 ( 63.86)
Test: [2216/3125]	Time  0.143 ( 0.323)	Loss 4.8714e+00 (3.6979e+00)	Acc@1  25.00 ( 40.28)	Acc@5  56.25 ( 63.82)
Test: [2224/3125]	Time  0.560 ( 0.324)	Loss 5.9598e+00 (3.7005e+00)	Acc@1   0.00 ( 40.21)	Acc@5  25.00 ( 63.75)
Test: [2232/3125]	Time  0.229 ( 0.324)	Loss 4.2290e+00 (3.7018e+00)	Acc@1  37.50 ( 40.22)	Acc@5  50.00 ( 63.73)
Test: [2240/3125]	Time  0.326 ( 0.324)	Loss 3.7805e+00 (3.7000e+00)	Acc@1  56.25 ( 40.28)	Acc@5  75.00 ( 63.76)
Test: [2248/3125]	Time  0.231 ( 0.325)	Loss 6.6409e+00 (3.7016e+00)	Acc@1  43.75 ( 40.24)	Acc@5  62.50 ( 63.75)
Test: [2256/3125]	Time  0.084 ( 0.325)	Loss 4.7283e+00 (3.7073e+00)	Acc@1  31.25 ( 40.22)	Acc@5  62.50 ( 63.75)
Test: [2264/3125]	Time  0.180 ( 0.325)	Loss 1.9701e+00 (3.7035e+00)	Acc@1  68.75 ( 40.28)	Acc@5  75.00 ( 63.77)
Test: [2272/3125]	Time  0.264 ( 0.325)	Loss 1.8287e+01 (3.7122e+00)	Acc@1  37.50 ( 40.24)	Acc@5  50.00 ( 63.73)
Test: [2280/3125]	Time  0.162 ( 0.325)	Loss 7.0543e+00 (3.7287e+00)	Acc@1  25.00 ( 40.20)	Acc@5  31.25 ( 63.66)
Test: [2288/3125]	Time  0.098 ( 0.325)	Loss 3.6260e+00 (3.7336e+00)	Acc@1  18.75 ( 40.15)	Acc@5  62.50 ( 63.58)
Test: [2296/3125]	Time  0.088 ( 0.325)	Loss 3.4525e+00 (3.7362e+00)	Acc@1  31.25 ( 40.11)	Acc@5  62.50 ( 63.52)
Test: [2304/3125]	Time  0.078 ( 0.325)	Loss 4.0758e+00 (3.7391e+00)	Acc@1  50.00 ( 40.11)	Acc@5  62.50 ( 63.51)
Test: [2312/3125]	Time  0.081 ( 0.326)	Loss 3.8890e+00 (3.7354e+00)	Acc@1  37.50 ( 40.17)	Acc@5  43.75 ( 63.53)
Test: [2320/3125]	Time  0.192 ( 0.326)	Loss 4.6085e+00 (3.7417e+00)	Acc@1  25.00 ( 40.12)	Acc@5  43.75 ( 63.47)
Test: [2328/3125]	Time  0.104 ( 0.326)	Loss 4.9046e+00 (3.7424e+00)	Acc@1  25.00 ( 40.04)	Acc@5  43.75 ( 63.43)
Test: [2336/3125]	Time  0.350 ( 0.326)	Loss 8.6253e+00 (3.7438e+00)	Acc@1  18.75 ( 40.04)	Acc@5  25.00 ( 63.42)
Test: [2344/3125]	Time  0.075 ( 0.326)	Loss 3.9883e+00 (3.7512e+00)	Acc@1  25.00 ( 39.95)	Acc@5  62.50 ( 63.34)
Test: [2352/3125]	Time  0.092 ( 0.326)	Loss 3.7503e+00 (3.7525e+00)	Acc@1  37.50 ( 39.92)	Acc@5  62.50 ( 63.33)
Test: [2360/3125]	Time  0.216 ( 0.327)	Loss 1.5118e+00 (3.7617e+00)	Acc@1  62.50 ( 39.87)	Acc@5  81.25 ( 63.28)
Test: [2368/3125]	Time  0.132 ( 0.327)	Loss 2.9253e+00 (3.7615e+00)	Acc@1  50.00 ( 39.91)	Acc@5  68.75 ( 63.29)
Test: [2376/3125]	Time  0.202 ( 0.327)	Loss 3.7635e+00 (3.7635e+00)	Acc@1  31.25 ( 39.88)	Acc@5  37.50 ( 63.24)
Test: [2384/3125]	Time  0.085 ( 0.327)	Loss 5.5935e+00 (3.7668e+00)	Acc@1  12.50 ( 39.85)	Acc@5  37.50 ( 63.20)
Test: [2392/3125]	Time  0.498 ( 0.328)	Loss 4.2182e+00 (3.7717e+00)	Acc@1  31.25 ( 39.79)	Acc@5  56.25 ( 63.13)
Test: [2400/3125]	Time  0.669 ( 0.328)	Loss 3.4761e+00 (3.7738e+00)	Acc@1  56.25 ( 39.76)	Acc@5  62.50 ( 63.11)
Test: [2408/3125]	Time  0.449 ( 0.328)	Loss 2.5367e+00 (3.7763e+00)	Acc@1  43.75 ( 39.78)	Acc@5  75.00 ( 63.10)
Test: [2416/3125]	Time  0.613 ( 0.328)	Loss 4.1782e+00 (3.7805e+00)	Acc@1  31.25 ( 39.74)	Acc@5  37.50 ( 63.05)
Test: [2424/3125]	Time  0.216 ( 0.328)	Loss 9.3015e+00 (3.7858e+00)	Acc@1  12.50 ( 39.69)	Acc@5  43.75 ( 62.99)
Test: [2432/3125]	Time  0.489 ( 0.328)	Loss 4.7324e+00 (3.7889e+00)	Acc@1  18.75 ( 39.64)	Acc@5  18.75 ( 62.95)
Test: [2440/3125]	Time  0.368 ( 0.329)	Loss 8.5533e-01 (3.7842e+00)	Acc@1  68.75 ( 39.69)	Acc@5  93.75 ( 62.99)
Test: [2448/3125]	Time  0.351 ( 0.329)	Loss 1.2431e+00 (3.7834e+00)	Acc@1  56.25 ( 39.68)	Acc@5  93.75 ( 62.99)
Test: [2456/3125]	Time  0.632 ( 0.329)	Loss 3.7707e+00 (3.7876e+00)	Acc@1  37.50 ( 39.65)	Acc@5  43.75 ( 62.93)
Test: [2464/3125]	Time  0.510 ( 0.329)	Loss 4.1653e+00 (3.7901e+00)	Acc@1  43.75 ( 39.60)	Acc@5  56.25 ( 62.88)
Test: [2472/3125]	Time  0.515 ( 0.329)	Loss 4.0586e+00 (3.7941e+00)	Acc@1  43.75 ( 39.61)	Acc@5  56.25 ( 62.86)
Test: [2480/3125]	Time  0.402 ( 0.330)	Loss 4.4712e+00 (3.7973e+00)	Acc@1  18.75 ( 39.55)	Acc@5  37.50 ( 62.81)
Test: [2488/3125]	Time  0.498 ( 0.330)	Loss 6.5260e+00 (3.7975e+00)	Acc@1   6.25 ( 39.53)	Acc@5  31.25 ( 62.80)
Test: [2496/3125]	Time  0.652 ( 0.330)	Loss 2.3215e+00 (3.8006e+00)	Acc@1  50.00 ( 39.53)	Acc@5  87.50 ( 62.79)
Test: [2504/3125]	Time  0.538 ( 0.330)	Loss 2.9713e+00 (3.7976e+00)	Acc@1  43.75 ( 39.55)	Acc@5  87.50 ( 62.82)
Test: [2512/3125]	Time  0.363 ( 0.330)	Loss 3.6509e+00 (3.7931e+00)	Acc@1  25.00 ( 39.60)	Acc@5  50.00 ( 62.86)
Test: [2520/3125]	Time  0.484 ( 0.330)	Loss 5.1157e+00 (3.7978e+00)	Acc@1  25.00 ( 39.55)	Acc@5  62.50 ( 62.80)
Test: [2528/3125]	Time  0.715 ( 0.331)	Loss 3.0181e+00 (3.8012e+00)	Acc@1  31.25 ( 39.52)	Acc@5  56.25 ( 62.78)
Test: [2536/3125]	Time  0.556 ( 0.331)	Loss 1.6154e+01 (3.8094e+00)	Acc@1  12.50 ( 39.47)	Acc@5  25.00 ( 62.74)
Test: [2544/3125]	Time  0.722 ( 0.331)	Loss 1.6355e+00 (3.8139e+00)	Acc@1  56.25 ( 39.44)	Acc@5 100.00 ( 62.69)
Test: [2552/3125]	Time  0.765 ( 0.332)	Loss 3.0363e+00 (3.8126e+00)	Acc@1  50.00 ( 39.47)	Acc@5  68.75 ( 62.73)
Test: [2560/3125]	Time  0.549 ( 0.332)	Loss 3.5263e+00 (3.8166e+00)	Acc@1  31.25 ( 39.41)	Acc@5  62.50 ( 62.69)
Test: [2568/3125]	Time  0.436 ( 0.332)	Loss 2.2668e+00 (3.8126e+00)	Acc@1  50.00 ( 39.45)	Acc@5  62.50 ( 62.71)
Test: [2576/3125]	Time  0.606 ( 0.332)	Loss 6.6997e+00 (3.8198e+00)	Acc@1  25.00 ( 39.44)	Acc@5  43.75 ( 62.67)
Test: [2584/3125]	Time  0.392 ( 0.333)	Loss 4.3336e+00 (3.8240e+00)	Acc@1  25.00 ( 39.40)	Acc@5  43.75 ( 62.65)
Test: [2592/3125]	Time  0.669 ( 0.333)	Loss 2.1584e+00 (3.8318e+00)	Acc@1  56.25 ( 39.35)	Acc@5  81.25 ( 62.61)
Test: [2600/3125]	Time  0.150 ( 0.333)	Loss 2.8958e+00 (3.8325e+00)	Acc@1  56.25 ( 39.33)	Acc@5  62.50 ( 62.58)
Test: [2608/3125]	Time  0.101 ( 0.333)	Loss 4.8263e+00 (3.8326e+00)	Acc@1  12.50 ( 39.29)	Acc@5  37.50 ( 62.57)
Test: [2616/3125]	Time  0.089 ( 0.333)	Loss 4.8397e+00 (3.8383e+00)	Acc@1  12.50 ( 39.22)	Acc@5  43.75 ( 62.50)
Test: [2624/3125]	Time  0.301 ( 0.334)	Loss 2.8648e+00 (3.8411e+00)	Acc@1  43.75 ( 39.16)	Acc@5  56.25 ( 62.45)
Test: [2632/3125]	Time  0.082 ( 0.334)	Loss 3.0651e+00 (3.8437e+00)	Acc@1  50.00 ( 39.12)	Acc@5  75.00 ( 62.41)
Test: [2640/3125]	Time  0.253 ( 0.334)	Loss 5.9930e+00 (3.8475e+00)	Acc@1   6.25 ( 39.06)	Acc@5  31.25 ( 62.35)
Test: [2648/3125]	Time  0.122 ( 0.334)	Loss 1.8741e+00 (3.8515e+00)	Acc@1  56.25 ( 39.01)	Acc@5  93.75 ( 62.31)
Test: [2656/3125]	Time  0.192 ( 0.334)	Loss 5.5001e+00 (3.8545e+00)	Acc@1  37.50 ( 38.96)	Acc@5  62.50 ( 62.27)
Test: [2664/3125]	Time  0.110 ( 0.334)	Loss 5.3508e+00 (3.8584e+00)	Acc@1  50.00 ( 38.93)	Acc@5  68.75 ( 62.22)
Test: [2672/3125]	Time  0.082 ( 0.334)	Loss 5.1091e+00 (3.8598e+00)	Acc@1  18.75 ( 38.95)	Acc@5  37.50 ( 62.24)
Test: [2680/3125]	Time  0.222 ( 0.334)	Loss 3.8347e+00 (3.8595e+00)	Acc@1  31.25 ( 38.92)	Acc@5  62.50 ( 62.25)
Test: [2688/3125]	Time  0.266 ( 0.334)	Loss 7.1065e+00 (3.8660e+00)	Acc@1  12.50 ( 38.88)	Acc@5  31.25 ( 62.20)
Test: [2696/3125]	Time  0.227 ( 0.334)	Loss 4.4218e+00 (3.8687e+00)	Acc@1  37.50 ( 38.85)	Acc@5  56.25 ( 62.16)
Test: [2704/3125]	Time  0.490 ( 0.335)	Loss 2.9341e+00 (3.8657e+00)	Acc@1  25.00 ( 38.85)	Acc@5  56.25 ( 62.16)
Test: [2712/3125]	Time  0.728 ( 0.335)	Loss 5.6428e+00 (3.8636e+00)	Acc@1  31.25 ( 38.86)	Acc@5  50.00 ( 62.17)
Test: [2720/3125]	Time  0.604 ( 0.335)	Loss 4.4905e+00 (3.8679e+00)	Acc@1  18.75 ( 38.79)	Acc@5  50.00 ( 62.11)
Test: [2728/3125]	Time  0.558 ( 0.335)	Loss 2.5165e+00 (3.8670e+00)	Acc@1  68.75 ( 38.80)	Acc@5  81.25 ( 62.12)
Test: [2736/3125]	Time  0.096 ( 0.335)	Loss 2.7840e+00 (3.8612e+00)	Acc@1  43.75 ( 38.85)	Acc@5  56.25 ( 62.18)
Test: [2744/3125]	Time  0.251 ( 0.335)	Loss 3.1495e+00 (3.8628e+00)	Acc@1  56.25 ( 38.82)	Acc@5  75.00 ( 62.15)
Test: [2752/3125]	Time  0.082 ( 0.335)	Loss 4.1410e+00 (3.8645e+00)	Acc@1  25.00 ( 38.79)	Acc@5  43.75 ( 62.11)
Test: [2760/3125]	Time  0.088 ( 0.335)	Loss 6.1049e+00 (3.8657e+00)	Acc@1   0.00 ( 38.75)	Acc@5  31.25 ( 62.06)
Test: [2768/3125]	Time  0.416 ( 0.335)	Loss 6.9175e+00 (3.8706e+00)	Acc@1  31.25 ( 38.74)	Acc@5  43.75 ( 62.03)
Test: [2776/3125]	Time  0.456 ( 0.336)	Loss 2.3963e+00 (3.8674e+00)	Acc@1  68.75 ( 38.77)	Acc@5  75.00 ( 62.06)
Test: [2784/3125]	Time  0.093 ( 0.336)	Loss 4.5154e+00 (3.8674e+00)	Acc@1  31.25 ( 38.79)	Acc@5  50.00 ( 62.07)
Test: [2792/3125]	Time  0.137 ( 0.336)	Loss 7.5791e+00 (3.8722e+00)	Acc@1  12.50 ( 38.73)	Acc@5  37.50 ( 62.01)
Test: [2800/3125]	Time  0.400 ( 0.336)	Loss 4.1973e+00 (3.8700e+00)	Acc@1  25.00 ( 38.74)	Acc@5  43.75 ( 62.02)
Test: [2808/3125]	Time  0.367 ( 0.336)	Loss 4.3607e+00 (3.8716e+00)	Acc@1  37.50 ( 38.72)	Acc@5  43.75 ( 62.00)
Test: [2816/3125]	Time  0.781 ( 0.336)	Loss 2.7672e+00 (3.8718e+00)	Acc@1  37.50 ( 38.70)	Acc@5  62.50 ( 61.98)
Test: [2824/3125]	Time  0.269 ( 0.336)	Loss 4.3446e+00 (3.8741e+00)	Acc@1  31.25 ( 38.67)	Acc@5  50.00 ( 61.94)
Test: [2832/3125]	Time  0.303 ( 0.336)	Loss 1.1912e+01 (3.9072e+00)	Acc@1   0.00 ( 38.59)	Acc@5  25.00 ( 61.86)
Test: [2840/3125]	Time  0.362 ( 0.336)	Loss 3.3276e+00 (3.9081e+00)	Acc@1  25.00 ( 38.55)	Acc@5  68.75 ( 61.85)
Test: [2848/3125]	Time  0.254 ( 0.336)	Loss 4.3462e+00 (3.9156e+00)	Acc@1  18.75 ( 38.48)	Acc@5  50.00 ( 61.78)
Test: [2856/3125]	Time  0.358 ( 0.337)	Loss 1.3820e+00 (3.9220e+00)	Acc@1  56.25 ( 38.47)	Acc@5 100.00 ( 61.78)
Test: [2864/3125]	Time  0.594 ( 0.337)	Loss 8.9356e-01 (3.9172e+00)	Acc@1  81.25 ( 38.54)	Acc@5  93.75 ( 61.82)
Test: [2872/3125]	Time  0.602 ( 0.337)	Loss 3.2101e+00 (3.9146e+00)	Acc@1  43.75 ( 38.57)	Acc@5  68.75 ( 61.85)
Test: [2880/3125]	Time  0.402 ( 0.337)	Loss 3.7787e+00 (3.9132e+00)	Acc@1  31.25 ( 38.59)	Acc@5  68.75 ( 61.86)
Test: [2888/3125]	Time  0.384 ( 0.337)	Loss 8.3945e+00 (3.9142e+00)	Acc@1  31.25 ( 38.59)	Acc@5  68.75 ( 61.88)
Test: [2896/3125]	Time  0.407 ( 0.337)	Loss 1.5506e+00 (3.9102e+00)	Acc@1  62.50 ( 38.63)	Acc@5  87.50 ( 61.93)
Test: [2904/3125]	Time  0.459 ( 0.337)	Loss 8.5371e+00 (3.9096e+00)	Acc@1  25.00 ( 38.65)	Acc@5  25.00 ( 61.93)
Test: [2912/3125]	Time  0.273 ( 0.337)	Loss 4.8882e+00 (3.9109e+00)	Acc@1  25.00 ( 38.62)	Acc@5  62.50 ( 61.94)
Test: [2920/3125]	Time  0.416 ( 0.337)	Loss 3.0201e+00 (3.9071e+00)	Acc@1  50.00 ( 38.67)	Acc@5  75.00 ( 61.97)
Test: [2928/3125]	Time  0.554 ( 0.337)	Loss 1.1982e+00 (3.9037e+00)	Acc@1  81.25 ( 38.72)	Acc@5  93.75 ( 62.03)
Test: [2936/3125]	Time  0.506 ( 0.337)	Loss 2.5186e+00 (3.8989e+00)	Acc@1  50.00 ( 38.78)	Acc@5  62.50 ( 62.09)
Test: [2944/3125]	Time  0.731 ( 0.338)	Loss 4.3398e+00 (3.8979e+00)	Acc@1  43.75 ( 38.81)	Acc@5  81.25 ( 62.13)
Test: [2952/3125]	Time  0.727 ( 0.338)	Loss 1.9335e+00 (3.8959e+00)	Acc@1  62.50 ( 38.82)	Acc@5 100.00 ( 62.17)
Test: [2960/3125]	Time  0.625 ( 0.338)	Loss 3.8187e+00 (3.8921e+00)	Acc@1  25.00 ( 38.87)	Acc@5  81.25 ( 62.24)
Test: [2968/3125]	Time  0.218 ( 0.338)	Loss 1.8162e+00 (3.8902e+00)	Acc@1  68.75 ( 38.90)	Acc@5  87.50 ( 62.29)
Test: [2976/3125]	Time  0.131 ( 0.338)	Loss 2.0682e+00 (3.8891e+00)	Acc@1  62.50 ( 38.96)	Acc@5  75.00 ( 62.32)
Test: [2984/3125]	Time  0.335 ( 0.338)	Loss 4.0428e-01 (3.8873e+00)	Acc@1  81.25 ( 38.99)	Acc@5 100.00 ( 62.35)
Test: [2992/3125]	Time  0.104 ( 0.338)	Loss 6.2485e-01 (3.8835e+00)	Acc@1  81.25 ( 39.05)	Acc@5 100.00 ( 62.40)
Test: [3000/3125]	Time  0.081 ( 0.339)	Loss 2.9135e+00 (3.8802e+00)	Acc@1  43.75 ( 39.11)	Acc@5  75.00 ( 62.46)
Test: [3008/3125]	Time  0.097 ( 0.339)	Loss 4.5075e+00 (3.8806e+00)	Acc@1  25.00 ( 39.08)	Acc@5  31.25 ( 62.43)
Test: [3016/3125]	Time  0.087 ( 0.339)	Loss 2.1050e+00 (3.8782e+00)	Acc@1  56.25 ( 39.10)	Acc@5  75.00 ( 62.46)
Test: [3024/3125]	Time  0.088 ( 0.339)	Loss 3.0127e+00 (3.8758e+00)	Acc@1  56.25 ( 39.11)	Acc@5  68.75 ( 62.48)
Test: [3032/3125]	Time  0.085 ( 0.339)	Loss 2.1182e+00 (3.8760e+00)	Acc@1  62.50 ( 39.07)	Acc@5  81.25 ( 62.44)
Test: [3040/3125]	Time  0.187 ( 0.339)	Loss 2.8090e+00 (3.8740e+00)	Acc@1  37.50 ( 39.07)	Acc@5  56.25 ( 62.47)
Test: [3048/3125]	Time  0.084 ( 0.339)	Loss 3.2144e+00 (3.8769e+00)	Acc@1  25.00 ( 39.11)	Acc@5  75.00 ( 62.50)
Test: [3056/3125]	Time  0.377 ( 0.339)	Loss 2.6008e+00 (3.8738e+00)	Acc@1  37.50 ( 39.10)	Acc@5  68.75 ( 62.53)
Test: [3064/3125]	Time  0.332 ( 0.339)	Loss 2.2565e+00 (3.8726e+00)	Acc@1  37.50 ( 39.11)	Acc@5  75.00 ( 62.56)
Test: [3072/3125]	Time  0.713 ( 0.339)	Loss 2.9874e+00 (3.8738e+00)	Acc@1  43.75 ( 39.11)	Acc@5  62.50 ( 62.56)
Test: [3080/3125]	Time  0.366 ( 0.340)	Loss 2.7421e+00 (3.8734e+00)	Acc@1  50.00 ( 39.18)	Acc@5  81.25 ( 62.60)
Test: [3088/3125]	Time  0.291 ( 0.340)	Loss 1.7331e+00 (3.8693e+00)	Acc@1  62.50 ( 39.23)	Acc@5  81.25 ( 62.65)
Test: [3096/3125]	Time  0.450 ( 0.340)	Loss 1.0429e+00 (3.8635e+00)	Acc@1  75.00 ( 39.31)	Acc@5  87.50 ( 62.71)
Test: [3104/3125]	Time  0.455 ( 0.340)	Loss 1.3355e+00 (3.8580e+00)	Acc@1  75.00 ( 39.40)	Acc@5  81.25 ( 62.77)
Test: [3112/3125]	Time  0.313 ( 0.340)	Loss 8.1513e-01 (3.8521e+00)	Acc@1  87.50 ( 39.49)	Acc@5  93.75 ( 62.83)
Test: [3120/3125]	Time  0.319 ( 0.340)	Loss 2.9622e+00 (3.8495e+00)	Acc@1  50.00 ( 39.51)	Acc@5  75.00 ( 62.86)
 * Acc@1 39.486 Acc@5 62.832
Test loss 3.8512608441925047
Test accuracy tensor(39.4860, device='cuda:0')
