cuda:0
<function bagnet17 at 0x7fec718f70d0>
Test: [   0/3125]	Time  4.850 ( 4.850)	Loss 2.9792e+00 (2.9792e+00)	Acc@1  62.50 ( 62.50)	Acc@5  75.00 ( 75.00)
Test: [   8/3125]	Time  0.188 ( 0.660)	Loss 1.4438e+00 (1.5570e+00)	Acc@1  68.75 ( 70.83)	Acc@5  93.75 ( 86.11)
Test: [  16/3125]	Time  0.166 ( 0.445)	Loss 1.9337e+00 (1.9284e+00)	Acc@1  43.75 ( 60.66)	Acc@5  87.50 ( 84.19)
Test: [  24/3125]	Time  0.126 ( 0.424)	Loss 2.4423e+00 (2.1355e+00)	Acc@1  75.00 ( 61.75)	Acc@5  93.75 ( 83.00)
Test: [  32/3125]	Time  0.081 ( 0.408)	Loss 1.1279e+00 (2.0822e+00)	Acc@1  81.25 ( 64.39)	Acc@5  81.25 ( 83.71)
Test: [  40/3125]	Time  0.289 ( 0.402)	Loss 8.0814e-01 (1.8935e+00)	Acc@1  75.00 ( 66.16)	Acc@5  93.75 ( 85.21)
Test: [  48/3125]	Time  0.214 ( 0.391)	Loss 1.4287e+00 (1.7451e+00)	Acc@1  75.00 ( 69.39)	Acc@5  81.25 ( 86.22)
Test: [  56/3125]	Time  0.318 ( 0.383)	Loss 1.0286e+00 (1.6758e+00)	Acc@1  68.75 ( 69.74)	Acc@5  87.50 ( 86.62)
Test: [  64/3125]	Time  0.123 ( 0.376)	Loss 1.8758e+00 (1.6681e+00)	Acc@1  62.50 ( 69.62)	Acc@5  87.50 ( 86.54)
Test: [  72/3125]	Time  0.379 ( 0.372)	Loss 1.4865e+00 (1.6452e+00)	Acc@1  68.75 ( 70.12)	Acc@5  93.75 ( 86.64)
Test: [  80/3125]	Time  0.556 ( 0.374)	Loss 4.5815e-01 (1.5694e+00)	Acc@1  93.75 ( 71.30)	Acc@5  93.75 ( 87.04)
Test: [  88/3125]	Time  0.555 ( 0.380)	Loss 1.3023e+00 (1.6170e+00)	Acc@1  68.75 ( 70.22)	Acc@5  87.50 ( 86.52)
Test: [  96/3125]	Time  0.585 ( 0.374)	Loss 1.4558e+00 (1.6177e+00)	Acc@1  62.50 ( 70.43)	Acc@5  87.50 ( 86.15)
Test: [ 104/3125]	Time  0.442 ( 0.370)	Loss 2.2924e+00 (1.6832e+00)	Acc@1  43.75 ( 68.57)	Acc@5  87.50 ( 85.30)
Test: [ 112/3125]	Time  0.473 ( 0.368)	Loss 2.3004e+00 (1.8279e+00)	Acc@1  50.00 ( 67.15)	Acc@5  87.50 ( 84.29)
Test: [ 120/3125]	Time  0.534 ( 0.364)	Loss 2.2295e+00 (1.8225e+00)	Acc@1  56.25 ( 66.58)	Acc@5  81.25 ( 84.35)
Test: [ 128/3125]	Time  0.491 ( 0.361)	Loss 1.3840e+00 (1.8286e+00)	Acc@1  56.25 ( 65.65)	Acc@5  87.50 ( 84.21)
Test: [ 136/3125]	Time  0.388 ( 0.360)	Loss 2.1375e+00 (1.8383e+00)	Acc@1  62.50 ( 65.28)	Acc@5  81.25 ( 84.12)
Test: [ 144/3125]	Time  0.440 ( 0.357)	Loss 2.5154e+00 (1.9112e+00)	Acc@1  56.25 ( 64.70)	Acc@5  81.25 ( 83.41)
Test: [ 152/3125]	Time  0.569 ( 0.356)	Loss 7.3405e-01 (1.9321e+00)	Acc@1  81.25 ( 64.62)	Acc@5 100.00 ( 83.54)
Test: [ 160/3125]	Time  0.500 ( 0.355)	Loss 1.8802e+00 (1.9448e+00)	Acc@1  62.50 ( 64.09)	Acc@5  75.00 ( 83.00)
Test: [ 168/3125]	Time  0.443 ( 0.353)	Loss 8.7146e+00 (1.9845e+00)	Acc@1  37.50 ( 63.91)	Acc@5  62.50 ( 82.66)
Test: [ 176/3125]	Time  0.544 ( 0.351)	Loss 1.5799e+00 (2.0008e+00)	Acc@1  56.25 ( 63.21)	Acc@5  93.75 ( 82.66)
Test: [ 184/3125]	Time  0.264 ( 0.350)	Loss 3.0970e+00 (2.0224e+00)	Acc@1  50.00 ( 63.01)	Acc@5  75.00 ( 82.09)
Test: [ 192/3125]	Time  0.352 ( 0.347)	Loss 2.6826e+00 (2.0949e+00)	Acc@1  56.25 ( 62.14)	Acc@5  75.00 ( 81.54)
Test: [ 200/3125]	Time  0.448 ( 0.346)	Loss 2.4877e+00 (2.1152e+00)	Acc@1  62.50 ( 61.57)	Acc@5  81.25 ( 81.28)
Test: [ 208/3125]	Time  0.564 ( 0.344)	Loss 5.3940e+00 (2.1629e+00)	Acc@1  43.75 ( 61.12)	Acc@5  75.00 ( 81.01)
Test: [ 216/3125]	Time  0.362 ( 0.343)	Loss 9.8089e-01 (2.1659e+00)	Acc@1  75.00 ( 60.71)	Acc@5  93.75 ( 80.82)
Test: [ 224/3125]	Time  0.328 ( 0.341)	Loss 2.4871e+00 (2.1707e+00)	Acc@1  68.75 ( 60.94)	Acc@5  75.00 ( 80.75)
Test: [ 232/3125]	Time  0.478 ( 0.341)	Loss 8.4948e-01 (2.1613e+00)	Acc@1  68.75 ( 60.76)	Acc@5 100.00 ( 80.90)
Test: [ 240/3125]	Time  0.613 ( 0.339)	Loss 1.2579e+00 (2.1345e+00)	Acc@1  81.25 ( 61.18)	Acc@5  81.25 ( 81.07)
Test: [ 248/3125]	Time  0.403 ( 0.336)	Loss 2.2239e+00 (2.1704e+00)	Acc@1  56.25 ( 60.64)	Acc@5  75.00 ( 80.60)
Test: [ 256/3125]	Time  0.504 ( 0.337)	Loss 1.6239e+00 (2.1605e+00)	Acc@1  56.25 ( 60.63)	Acc@5  81.25 ( 80.54)
Test: [ 264/3125]	Time  0.344 ( 0.336)	Loss 1.4323e+00 (2.1317e+00)	Acc@1  75.00 ( 61.13)	Acc@5  93.75 ( 80.92)
Test: [ 272/3125]	Time  0.528 ( 0.335)	Loss 4.6288e-01 (2.1096e+00)	Acc@1  87.50 ( 61.38)	Acc@5  93.75 ( 81.14)
Test: [ 280/3125]	Time  0.091 ( 0.334)	Loss 2.2361e+00 (2.0871e+00)	Acc@1  62.50 ( 61.92)	Acc@5  81.25 ( 81.36)
Test: [ 288/3125]	Time  0.082 ( 0.335)	Loss 1.9272e-01 (2.0520e+00)	Acc@1  93.75 ( 62.48)	Acc@5 100.00 ( 81.66)
Test: [ 296/3125]	Time  0.082 ( 0.334)	Loss 1.6806e+00 (2.0566e+00)	Acc@1  62.50 ( 62.56)	Acc@5  81.25 ( 81.63)
Test: [ 304/3125]	Time  0.233 ( 0.334)	Loss 2.4163e+00 (2.0613e+00)	Acc@1  62.50 ( 62.93)	Acc@5  68.75 ( 81.72)
Test: [ 312/3125]	Time  0.108 ( 0.334)	Loss 6.6683e-01 (2.0512e+00)	Acc@1  81.25 ( 62.92)	Acc@5  93.75 ( 81.77)
Test: [ 320/3125]	Time  0.080 ( 0.334)	Loss 3.0297e-01 (2.0295e+00)	Acc@1  93.75 ( 63.10)	Acc@5  93.75 ( 81.95)
Test: [ 328/3125]	Time  0.165 ( 0.333)	Loss 1.2833e+00 (2.0270e+00)	Acc@1  68.75 ( 62.96)	Acc@5  75.00 ( 81.91)
Test: [ 336/3125]	Time  0.206 ( 0.333)	Loss 2.1574e+00 (2.0367e+00)	Acc@1  62.50 ( 62.85)	Acc@5  75.00 ( 81.70)
Test: [ 344/3125]	Time  0.384 ( 0.334)	Loss 6.7214e+00 (2.0572e+00)	Acc@1  50.00 ( 62.70)	Acc@5  81.25 ( 81.78)
Test: [ 352/3125]	Time  0.199 ( 0.332)	Loss 1.5791e+00 (2.0702e+00)	Acc@1  68.75 ( 62.80)	Acc@5  81.25 ( 81.80)
Test: [ 360/3125]	Time  0.327 ( 0.333)	Loss 1.7218e+00 (2.0925e+00)	Acc@1  56.25 ( 62.57)	Acc@5  81.25 ( 81.63)
Test: [ 368/3125]	Time  0.073 ( 0.333)	Loss 1.3108e+00 (2.0944e+00)	Acc@1  62.50 ( 62.52)	Acc@5  87.50 ( 81.67)
Test: [ 376/3125]	Time  0.094 ( 0.334)	Loss 3.0774e+00 (2.1041e+00)	Acc@1  37.50 ( 62.27)	Acc@5  50.00 ( 81.43)
Test: [ 384/3125]	Time  0.076 ( 0.335)	Loss 2.2650e+00 (2.1024e+00)	Acc@1  62.50 ( 62.19)	Acc@5  87.50 ( 81.38)
Test: [ 392/3125]	Time  0.075 ( 0.334)	Loss 3.3122e+00 (2.1206e+00)	Acc@1  31.25 ( 61.69)	Acc@5  81.25 ( 81.27)
Test: [ 400/3125]	Time  0.243 ( 0.334)	Loss 1.3910e+00 (2.1373e+00)	Acc@1  68.75 ( 61.66)	Acc@5  75.00 ( 81.08)
Test: [ 408/3125]	Time  0.415 ( 0.334)	Loss 8.2360e-01 (2.1209e+00)	Acc@1  81.25 ( 61.77)	Acc@5  93.75 ( 81.22)
Test: [ 416/3125]	Time  0.582 ( 0.334)	Loss 1.8976e+00 (2.1061e+00)	Acc@1  56.25 ( 61.92)	Acc@5  81.25 ( 81.37)
Test: [ 424/3125]	Time  0.517 ( 0.333)	Loss 7.5165e-01 (2.0989e+00)	Acc@1  75.00 ( 61.99)	Acc@5  93.75 ( 81.41)
Test: [ 432/3125]	Time  0.469 ( 0.333)	Loss 1.6177e+00 (2.0826e+00)	Acc@1  62.50 ( 62.21)	Acc@5  87.50 ( 81.55)
Test: [ 440/3125]	Time  0.268 ( 0.333)	Loss 6.8133e-01 (2.0642e+00)	Acc@1  81.25 ( 62.54)	Acc@5  93.75 ( 81.69)
Test: [ 448/3125]	Time  0.273 ( 0.332)	Loss 1.2862e+00 (2.0480e+00)	Acc@1  62.50 ( 62.71)	Acc@5  81.25 ( 81.85)
Test: [ 456/3125]	Time  0.125 ( 0.332)	Loss 1.5751e+00 (2.0470e+00)	Acc@1  68.75 ( 62.91)	Acc@5  75.00 ( 81.93)
Test: [ 464/3125]	Time  0.079 ( 0.331)	Loss 1.1217e+00 (2.0330e+00)	Acc@1  68.75 ( 63.13)	Acc@5  87.50 ( 82.03)
Test: [ 472/3125]	Time  0.168 ( 0.330)	Loss 3.8389e+00 (2.0364e+00)	Acc@1  12.50 ( 63.04)	Acc@5  43.75 ( 81.96)
Test: [ 480/3125]	Time  0.111 ( 0.330)	Loss 2.1757e+00 (2.0460e+00)	Acc@1  31.25 ( 62.69)	Acc@5  75.00 ( 81.90)
Test: [ 488/3125]	Time  0.089 ( 0.329)	Loss 1.3746e+00 (2.0439e+00)	Acc@1  87.50 ( 62.50)	Acc@5  87.50 ( 81.90)
Test: [ 496/3125]	Time  0.075 ( 0.328)	Loss 3.3475e+00 (2.0498e+00)	Acc@1  12.50 ( 62.35)	Acc@5  56.25 ( 81.78)
Test: [ 504/3125]	Time  0.088 ( 0.328)	Loss 1.7849e+00 (2.0483e+00)	Acc@1  75.00 ( 62.22)	Acc@5  81.25 ( 81.68)
Test: [ 512/3125]	Time  0.079 ( 0.327)	Loss 2.5586e+00 (2.0585e+00)	Acc@1  62.50 ( 61.99)	Acc@5  68.75 ( 81.52)
Test: [ 520/3125]	Time  0.100 ( 0.327)	Loss 2.4966e+00 (2.0674e+00)	Acc@1  37.50 ( 61.64)	Acc@5  75.00 ( 81.44)
Test: [ 528/3125]	Time  0.087 ( 0.326)	Loss 3.0094e+00 (2.0832e+00)	Acc@1  37.50 ( 61.15)	Acc@5  62.50 ( 81.23)
Test: [ 536/3125]	Time  0.082 ( 0.325)	Loss 1.1335e+00 (2.0943e+00)	Acc@1  75.00 ( 60.98)	Acc@5  87.50 ( 81.19)
Test: [ 544/3125]	Time  0.103 ( 0.325)	Loss 1.1514e+00 (2.0941e+00)	Acc@1  81.25 ( 60.96)	Acc@5  87.50 ( 81.18)
Test: [ 552/3125]	Time  0.088 ( 0.325)	Loss 2.1642e+00 (2.1093e+00)	Acc@1  56.25 ( 60.61)	Acc@5  75.00 ( 80.87)
Test: [ 560/3125]	Time  0.098 ( 0.325)	Loss 2.8008e+00 (2.1024e+00)	Acc@1  56.25 ( 60.75)	Acc@5  62.50 ( 80.88)
Test: [ 568/3125]	Time  0.093 ( 0.324)	Loss 2.4626e+00 (2.1128e+00)	Acc@1  68.75 ( 60.56)	Acc@5  81.25 ( 80.80)
Test: [ 576/3125]	Time  0.086 ( 0.324)	Loss 3.7889e+00 (2.1163e+00)	Acc@1  37.50 ( 60.49)	Acc@5  68.75 ( 80.77)
Test: [ 584/3125]	Time  0.082 ( 0.324)	Loss 2.5857e+00 (2.1223e+00)	Acc@1  43.75 ( 60.27)	Acc@5  81.25 ( 80.71)
Test: [ 592/3125]	Time  0.240 ( 0.323)	Loss 2.5057e+00 (2.1357e+00)	Acc@1  31.25 ( 59.90)	Acc@5  68.75 ( 80.52)
Test: [ 600/3125]	Time  0.219 ( 0.323)	Loss 2.1464e+00 (2.1377e+00)	Acc@1  56.25 ( 59.69)	Acc@5  75.00 ( 80.43)
Test: [ 608/3125]	Time  0.476 ( 0.323)	Loss 2.3461e+00 (2.1456e+00)	Acc@1  31.25 ( 59.42)	Acc@5  68.75 ( 80.29)
Test: [ 616/3125]	Time  0.491 ( 0.322)	Loss 4.1001e+00 (2.1500e+00)	Acc@1  31.25 ( 59.27)	Acc@5  68.75 ( 80.25)
Test: [ 624/3125]	Time  0.237 ( 0.322)	Loss 3.0439e+00 (2.1562e+00)	Acc@1  56.25 ( 59.16)	Acc@5  81.25 ( 80.28)
Test: [ 632/3125]	Time  0.087 ( 0.321)	Loss 2.1417e+00 (2.1597e+00)	Acc@1  31.25 ( 58.95)	Acc@5  81.25 ( 80.32)
Test: [ 640/3125]	Time  0.079 ( 0.321)	Loss 3.3979e+00 (2.1650e+00)	Acc@1  43.75 ( 58.83)	Acc@5  68.75 ( 80.25)
Test: [ 648/3125]	Time  0.082 ( 0.321)	Loss 1.7761e+00 (2.1639e+00)	Acc@1  68.75 ( 58.78)	Acc@5  81.25 ( 80.26)
Test: [ 656/3125]	Time  0.094 ( 0.320)	Loss 6.4630e-01 (2.1607e+00)	Acc@1  87.50 ( 58.69)	Acc@5 100.00 ( 80.26)
Test: [ 664/3125]	Time  0.097 ( 0.320)	Loss 3.2738e+00 (2.1580e+00)	Acc@1  37.50 ( 58.63)	Acc@5  68.75 ( 80.25)
Test: [ 672/3125]	Time  0.090 ( 0.320)	Loss 3.0949e+00 (2.1599e+00)	Acc@1  37.50 ( 58.56)	Acc@5  62.50 ( 80.17)
Test: [ 680/3125]	Time  0.082 ( 0.320)	Loss 1.4368e+00 (2.1518e+00)	Acc@1  62.50 ( 58.68)	Acc@5  87.50 ( 80.28)
Test: [ 688/3125]	Time  0.191 ( 0.320)	Loss 2.9246e+00 (2.1543e+00)	Acc@1  50.00 ( 58.60)	Acc@5  68.75 ( 80.27)
Test: [ 696/3125]	Time  0.256 ( 0.320)	Loss 1.6726e+00 (2.1576e+00)	Acc@1  56.25 ( 58.59)	Acc@5  93.75 ( 80.27)
Test: [ 704/3125]	Time  0.923 ( 0.320)	Loss 1.6030e+00 (2.1526e+00)	Acc@1  62.50 ( 58.62)	Acc@5  81.25 ( 80.31)
Test: [ 712/3125]	Time  0.513 ( 0.319)	Loss 2.7464e+00 (2.1650e+00)	Acc@1  56.25 ( 58.48)	Acc@5  68.75 ( 80.16)
Test: [ 720/3125]	Time  0.302 ( 0.319)	Loss 1.1188e+00 (2.1632e+00)	Acc@1  68.75 ( 58.45)	Acc@5  93.75 ( 80.11)
Test: [ 728/3125]	Time  0.098 ( 0.318)	Loss 2.1899e+00 (2.1675e+00)	Acc@1  43.75 ( 58.25)	Acc@5  68.75 ( 80.10)
Test: [ 736/3125]	Time  0.189 ( 0.318)	Loss 1.7613e+00 (2.1670e+00)	Acc@1  56.25 ( 58.17)	Acc@5  87.50 ( 80.11)
Test: [ 744/3125]	Time  0.787 ( 0.319)	Loss 1.8155e+00 (2.1689e+00)	Acc@1  50.00 ( 58.08)	Acc@5  81.25 ( 80.08)
Test: [ 752/3125]	Time  0.564 ( 0.319)	Loss 1.9014e+00 (2.1693e+00)	Acc@1  31.25 ( 57.89)	Acc@5  87.50 ( 80.11)
Test: [ 760/3125]	Time  0.677 ( 0.319)	Loss 1.9454e+00 (2.1652e+00)	Acc@1  62.50 ( 57.88)	Acc@5  81.25 ( 80.14)
Test: [ 768/3125]	Time  0.539 ( 0.319)	Loss 2.6631e+00 (2.1627e+00)	Acc@1  37.50 ( 57.84)	Acc@5  62.50 ( 80.16)
Test: [ 776/3125]	Time  0.534 ( 0.319)	Loss 4.4498e+00 (2.1668e+00)	Acc@1  18.75 ( 57.65)	Acc@5  56.25 ( 80.10)
Test: [ 784/3125]	Time  0.204 ( 0.319)	Loss 1.5299e+00 (2.1631e+00)	Acc@1  62.50 ( 57.59)	Acc@5  81.25 ( 80.10)
Test: [ 792/3125]	Time  0.288 ( 0.319)	Loss 2.8583e+00 (2.1618e+00)	Acc@1  56.25 ( 57.60)	Acc@5  75.00 ( 80.13)
Test: [ 800/3125]	Time  0.476 ( 0.319)	Loss 1.6068e+00 (2.1540e+00)	Acc@1  62.50 ( 57.75)	Acc@5  81.25 ( 80.20)
Test: [ 808/3125]	Time  0.502 ( 0.318)	Loss 1.4892e+00 (2.1523e+00)	Acc@1  62.50 ( 57.70)	Acc@5  93.75 ( 80.22)
Test: [ 816/3125]	Time  0.481 ( 0.318)	Loss 9.1281e-01 (2.1474e+00)	Acc@1  68.75 ( 57.80)	Acc@5  93.75 ( 80.27)
Test: [ 824/3125]	Time  0.502 ( 0.318)	Loss 9.9164e-01 (2.1411e+00)	Acc@1  75.00 ( 57.89)	Acc@5  87.50 ( 80.32)
Test: [ 832/3125]	Time  0.339 ( 0.318)	Loss 2.6057e+00 (2.1458e+00)	Acc@1  31.25 ( 57.64)	Acc@5  68.75 ( 80.26)
Test: [ 840/3125]	Time  0.607 ( 0.319)	Loss 3.0849e+00 (2.1479e+00)	Acc@1  37.50 ( 57.57)	Acc@5  62.50 ( 80.22)
Test: [ 848/3125]	Time  0.807 ( 0.319)	Loss 3.6462e+00 (2.1507e+00)	Acc@1  31.25 ( 57.52)	Acc@5  43.75 ( 80.15)
Test: [ 856/3125]	Time  0.592 ( 0.319)	Loss 8.2304e-01 (2.1599e+00)	Acc@1  68.75 ( 57.42)	Acc@5 100.00 ( 80.10)
Test: [ 864/3125]	Time  0.416 ( 0.319)	Loss 2.6842e+00 (2.1544e+00)	Acc@1  56.25 ( 57.56)	Acc@5  68.75 ( 80.12)
Test: [ 872/3125]	Time  0.711 ( 0.319)	Loss 1.5713e+00 (2.1548e+00)	Acc@1  81.25 ( 57.50)	Acc@5  81.25 ( 80.10)
Test: [ 880/3125]	Time  0.603 ( 0.319)	Loss 2.3970e+00 (2.1532e+00)	Acc@1  25.00 ( 57.48)	Acc@5  81.25 ( 80.08)
Test: [ 888/3125]	Time  0.576 ( 0.319)	Loss 2.0295e+00 (2.1562e+00)	Acc@1  68.75 ( 57.34)	Acc@5  81.25 ( 80.08)
Test: [ 896/3125]	Time  0.311 ( 0.319)	Loss 3.0739e+00 (2.1593e+00)	Acc@1  62.50 ( 57.33)	Acc@5  81.25 ( 80.04)
Test: [ 904/3125]	Time  0.541 ( 0.318)	Loss 1.6979e+00 (2.1584e+00)	Acc@1  68.75 ( 57.35)	Acc@5  93.75 ( 80.12)
Test: [ 912/3125]	Time  0.542 ( 0.318)	Loss 3.4144e+00 (2.1584e+00)	Acc@1  62.50 ( 57.40)	Acc@5  87.50 ( 80.16)
Test: [ 920/3125]	Time  0.085 ( 0.318)	Loss 2.4806e+00 (2.1530e+00)	Acc@1  75.00 ( 57.53)	Acc@5  81.25 ( 80.23)
Test: [ 928/3125]	Time  0.301 ( 0.318)	Loss 3.3196e+00 (2.1533e+00)	Acc@1  56.25 ( 57.54)	Acc@5  62.50 ( 80.23)
Test: [ 936/3125]	Time  0.431 ( 0.318)	Loss 3.0161e+00 (2.1561e+00)	Acc@1  43.75 ( 57.52)	Acc@5  68.75 ( 80.13)
Test: [ 944/3125]	Time  0.582 ( 0.318)	Loss 1.6654e+00 (2.1518e+00)	Acc@1  62.50 ( 57.58)	Acc@5  75.00 ( 80.17)
Test: [ 952/3125]	Time  0.601 ( 0.318)	Loss 8.5522e-01 (2.1567e+00)	Acc@1  81.25 ( 57.52)	Acc@5  93.75 ( 80.21)
Test: [ 960/3125]	Time  0.413 ( 0.317)	Loss 1.1741e+00 (2.1633e+00)	Acc@1  68.75 ( 57.56)	Acc@5 100.00 ( 80.24)
Test: [ 968/3125]	Time  0.117 ( 0.317)	Loss 3.0583e+00 (2.1682e+00)	Acc@1  56.25 ( 57.58)	Acc@5  81.25 ( 80.26)
Test: [ 976/3125]	Time  0.418 ( 0.317)	Loss 2.6729e+00 (2.1752e+00)	Acc@1  56.25 ( 57.44)	Acc@5  75.00 ( 80.16)
Test: [ 984/3125]	Time  0.535 ( 0.318)	Loss 3.3685e+00 (2.1864e+00)	Acc@1  56.25 ( 57.36)	Acc@5  62.50 ( 80.10)
Test: [ 992/3125]	Time  0.497 ( 0.318)	Loss 2.9472e+00 (2.1880e+00)	Acc@1  56.25 ( 57.38)	Acc@5  68.75 ( 80.10)
Test: [1000/3125]	Time  0.423 ( 0.318)	Loss 6.4044e-01 (2.1886e+00)	Acc@1  75.00 ( 57.34)	Acc@5 100.00 ( 80.09)
Test: [1008/3125]	Time  0.085 ( 0.318)	Loss 1.0955e+00 (2.1805e+00)	Acc@1  68.75 ( 57.50)	Acc@5  87.50 ( 80.17)
Test: [1016/3125]	Time  0.104 ( 0.318)	Loss 1.2602e+00 (2.1699e+00)	Acc@1  81.25 ( 57.69)	Acc@5  87.50 ( 80.26)
Test: [1024/3125]	Time  0.090 ( 0.318)	Loss 2.7831e+00 (2.1672e+00)	Acc@1  68.75 ( 57.75)	Acc@5  87.50 ( 80.31)
Test: [1032/3125]	Time  0.096 ( 0.319)	Loss 1.0623e+00 (2.1701e+00)	Acc@1  68.75 ( 57.74)	Acc@5  93.75 ( 80.27)
Test: [1040/3125]	Time  0.087 ( 0.319)	Loss 9.1668e-01 (2.1661e+00)	Acc@1  81.25 ( 57.79)	Acc@5  93.75 ( 80.33)
Test: [1048/3125]	Time  0.085 ( 0.319)	Loss 2.2273e+00 (2.1667e+00)	Acc@1  50.00 ( 57.86)	Acc@5  81.25 ( 80.36)
Test: [1056/3125]	Time  0.086 ( 0.319)	Loss 2.4117e+00 (2.1675e+00)	Acc@1  62.50 ( 57.88)	Acc@5  81.25 ( 80.36)
Test: [1064/3125]	Time  0.357 ( 0.318)	Loss 1.2781e-01 (2.1606e+00)	Acc@1 100.00 ( 58.00)	Acc@5 100.00 ( 80.42)
Test: [1072/3125]	Time  0.521 ( 0.318)	Loss 8.9977e-01 (2.1593e+00)	Acc@1  81.25 ( 58.02)	Acc@5 100.00 ( 80.43)
Test: [1080/3125]	Time  0.476 ( 0.318)	Loss 3.7147e+00 (2.1586e+00)	Acc@1  12.50 ( 58.04)	Acc@5  56.25 ( 80.43)
Test: [1088/3125]	Time  0.681 ( 0.318)	Loss 2.6067e+00 (2.1555e+00)	Acc@1  31.25 ( 58.03)	Acc@5  75.00 ( 80.45)
Test: [1096/3125]	Time  0.476 ( 0.318)	Loss 1.5063e+00 (2.1518e+00)	Acc@1  75.00 ( 58.09)	Acc@5  87.50 ( 80.48)
Test: [1104/3125]	Time  0.525 ( 0.318)	Loss 2.9087e+00 (2.1468e+00)	Acc@1  43.75 ( 58.16)	Acc@5  62.50 ( 80.53)
Test: [1112/3125]	Time  0.228 ( 0.317)	Loss 3.0468e+00 (2.1486e+00)	Acc@1  37.50 ( 58.14)	Acc@5  81.25 ( 80.47)
Test: [1120/3125]	Time  0.458 ( 0.317)	Loss 1.8484e+00 (2.1538e+00)	Acc@1  37.50 ( 58.00)	Acc@5  87.50 ( 80.43)
Test: [1128/3125]	Time  0.593 ( 0.317)	Loss 2.5639e+00 (2.1560e+00)	Acc@1  56.25 ( 57.92)	Acc@5  68.75 ( 80.41)
Test: [1136/3125]	Time  0.907 ( 0.317)	Loss 1.3706e+00 (2.1540e+00)	Acc@1  81.25 ( 57.99)	Acc@5  93.75 ( 80.41)
Test: [1144/3125]	Time  0.448 ( 0.317)	Loss 2.5207e+00 (2.1529e+00)	Acc@1  56.25 ( 58.03)	Acc@5  62.50 ( 80.41)
Test: [1152/3125]	Time  0.340 ( 0.317)	Loss 2.2349e+00 (2.1562e+00)	Acc@1  50.00 ( 57.95)	Acc@5  56.25 ( 80.34)
Test: [1160/3125]	Time  0.282 ( 0.317)	Loss 2.4136e+00 (2.1573e+00)	Acc@1  43.75 ( 57.92)	Acc@5  62.50 ( 80.33)
Test: [1168/3125]	Time  0.792 ( 0.317)	Loss 3.4840e+00 (2.1595e+00)	Acc@1  43.75 ( 57.89)	Acc@5  68.75 ( 80.27)
Test: [1176/3125]	Time  0.519 ( 0.316)	Loss 4.1145e-01 (2.1612e+00)	Acc@1  93.75 ( 57.89)	Acc@5  93.75 ( 80.21)
Test: [1184/3125]	Time  0.546 ( 0.316)	Loss 1.9700e+00 (2.1642e+00)	Acc@1  62.50 ( 57.87)	Acc@5  81.25 ( 80.17)
Test: [1192/3125]	Time  0.101 ( 0.317)	Loss 6.3505e+00 (2.1703e+00)	Acc@1  25.00 ( 57.76)	Acc@5  68.75 ( 80.14)
Test: [1200/3125]	Time  0.302 ( 0.317)	Loss 1.0039e+00 (2.1718e+00)	Acc@1  81.25 ( 57.73)	Acc@5  87.50 ( 80.08)
Test: [1208/3125]	Time  0.260 ( 0.317)	Loss 1.5774e+00 (2.1685e+00)	Acc@1  56.25 ( 57.72)	Acc@5  81.25 ( 80.12)
Test: [1216/3125]	Time  0.337 ( 0.317)	Loss 8.3131e-01 (2.1674e+00)	Acc@1  75.00 ( 57.76)	Acc@5 100.00 ( 80.12)
Test: [1224/3125]	Time  0.166 ( 0.317)	Loss 1.7686e+00 (2.1717e+00)	Acc@1  68.75 ( 57.69)	Acc@5  75.00 ( 80.05)
Test: [1232/3125]	Time  0.100 ( 0.317)	Loss 1.2881e+00 (2.1698e+00)	Acc@1  68.75 ( 57.78)	Acc@5  87.50 ( 80.09)
Test: [1240/3125]	Time  0.110 ( 0.317)	Loss 1.2437e+00 (2.1709e+00)	Acc@1  87.50 ( 57.79)	Acc@5  87.50 ( 80.05)
Test: [1248/3125]	Time  0.383 ( 0.317)	Loss 3.8687e+00 (2.1799e+00)	Acc@1  50.00 ( 57.78)	Acc@5  62.50 ( 80.04)
Test: [1256/3125]	Time  0.524 ( 0.317)	Loss 3.5944e+00 (2.1831e+00)	Acc@1  50.00 ( 57.73)	Acc@5  62.50 ( 79.98)
Test: [1264/3125]	Time  0.395 ( 0.317)	Loss 9.0332e-01 (2.1839e+00)	Acc@1  81.25 ( 57.73)	Acc@5  93.75 ( 79.95)
Test: [1272/3125]	Time  0.707 ( 0.317)	Loss 6.2391e-01 (2.1851e+00)	Acc@1  87.50 ( 57.70)	Acc@5 100.00 ( 79.95)
Test: [1280/3125]	Time  0.438 ( 0.316)	Loss 1.4511e+00 (2.1844e+00)	Acc@1  62.50 ( 57.70)	Acc@5  87.50 ( 79.96)
Test: [1288/3125]	Time  0.393 ( 0.316)	Loss 5.0699e+00 (2.1954e+00)	Acc@1  12.50 ( 57.59)	Acc@5  50.00 ( 79.89)
Test: [1296/3125]	Time  0.079 ( 0.316)	Loss 6.4374e+00 (2.2094e+00)	Acc@1   6.25 ( 57.40)	Acc@5  37.50 ( 79.76)
Test: [1304/3125]	Time  0.086 ( 0.316)	Loss 1.1022e+00 (2.2152e+00)	Acc@1  75.00 ( 57.34)	Acc@5 100.00 ( 79.70)
Test: [1312/3125]	Time  0.082 ( 0.316)	Loss 3.8267e+00 (2.2226e+00)	Acc@1  37.50 ( 57.21)	Acc@5  43.75 ( 79.60)
Test: [1320/3125]	Time  0.079 ( 0.317)	Loss 2.7940e+00 (2.2241e+00)	Acc@1  50.00 ( 57.16)	Acc@5  68.75 ( 79.58)
Test: [1328/3125]	Time  0.082 ( 0.317)	Loss 1.8725e+00 (2.2290e+00)	Acc@1  62.50 ( 57.10)	Acc@5  75.00 ( 79.51)
Test: [1336/3125]	Time  0.080 ( 0.316)	Loss 3.3318e+00 (2.2264e+00)	Acc@1  18.75 ( 57.15)	Acc@5  62.50 ( 79.51)
Test: [1344/3125]	Time  0.421 ( 0.316)	Loss 1.2313e+00 (2.2301e+00)	Acc@1  75.00 ( 57.10)	Acc@5  81.25 ( 79.48)
Test: [1352/3125]	Time  0.287 ( 0.316)	Loss 2.5989e+00 (2.2301e+00)	Acc@1  43.75 ( 57.12)	Acc@5  62.50 ( 79.48)
Test: [1360/3125]	Time  0.279 ( 0.316)	Loss 3.6561e+00 (2.2384e+00)	Acc@1  31.25 ( 57.02)	Acc@5  62.50 ( 79.39)
Test: [1368/3125]	Time  0.240 ( 0.316)	Loss 1.7025e+00 (2.2434e+00)	Acc@1  68.75 ( 56.96)	Acc@5  87.50 ( 79.33)
Test: [1376/3125]	Time  0.103 ( 0.316)	Loss 3.2563e+00 (2.2482e+00)	Acc@1  43.75 ( 56.90)	Acc@5  62.50 ( 79.26)
Test: [1384/3125]	Time  0.093 ( 0.316)	Loss 4.9530e+00 (2.2505e+00)	Acc@1  25.00 ( 56.85)	Acc@5  56.25 ( 79.25)
Test: [1392/3125]	Time  0.184 ( 0.316)	Loss 3.4997e+00 (2.2590e+00)	Acc@1  37.50 ( 56.76)	Acc@5  62.50 ( 79.19)
Test: [1400/3125]	Time  0.082 ( 0.316)	Loss 3.2380e+00 (2.2719e+00)	Acc@1  31.25 ( 56.58)	Acc@5  50.00 ( 79.04)
Test: [1408/3125]	Time  0.084 ( 0.316)	Loss 1.1974e+00 (2.2687e+00)	Acc@1  68.75 ( 56.61)	Acc@5  93.75 ( 79.08)
Test: [1416/3125]	Time  0.100 ( 0.316)	Loss 1.9176e+00 (2.2796e+00)	Acc@1  68.75 ( 56.55)	Acc@5  81.25 ( 79.02)
Test: [1424/3125]	Time  0.082 ( 0.316)	Loss 4.2847e+00 (2.2836e+00)	Acc@1  50.00 ( 56.49)	Acc@5  62.50 ( 78.98)
Test: [1432/3125]	Time  0.086 ( 0.316)	Loss 9.7239e-01 (2.2898e+00)	Acc@1  75.00 ( 56.39)	Acc@5  93.75 ( 78.91)
Test: [1440/3125]	Time  0.083 ( 0.316)	Loss 2.3377e+00 (2.2950e+00)	Acc@1  43.75 ( 56.29)	Acc@5  93.75 ( 78.84)
Test: [1448/3125]	Time  0.078 ( 0.316)	Loss 2.8623e+00 (2.3107e+00)	Acc@1  31.25 ( 56.15)	Acc@5  56.25 ( 78.75)
Test: [1456/3125]	Time  0.196 ( 0.316)	Loss 2.6560e+00 (2.3200e+00)	Acc@1  43.75 ( 55.99)	Acc@5  56.25 ( 78.59)
Test: [1464/3125]	Time  0.314 ( 0.316)	Loss 2.1949e+00 (2.3186e+00)	Acc@1  43.75 ( 56.04)	Acc@5  87.50 ( 78.60)
Test: [1472/3125]	Time  0.157 ( 0.316)	Loss 3.3748e+00 (2.3296e+00)	Acc@1  37.50 ( 55.89)	Acc@5  43.75 ( 78.42)
Test: [1480/3125]	Time  0.390 ( 0.316)	Loss 3.1316e+00 (2.3302e+00)	Acc@1  25.00 ( 55.85)	Acc@5  56.25 ( 78.37)
Test: [1488/3125]	Time  0.448 ( 0.316)	Loss 1.0674e+00 (2.3307e+00)	Acc@1  81.25 ( 55.88)	Acc@5  81.25 ( 78.36)
Test: [1496/3125]	Time  0.275 ( 0.316)	Loss 5.0203e+00 (2.3338e+00)	Acc@1  25.00 ( 55.83)	Acc@5  50.00 ( 78.31)
Test: [1504/3125]	Time  0.256 ( 0.316)	Loss 3.5885e+00 (2.3399e+00)	Acc@1  18.75 ( 55.70)	Acc@5  68.75 ( 78.22)
Test: [1512/3125]	Time  0.375 ( 0.316)	Loss 2.5679e+00 (2.3435e+00)	Acc@1  43.75 ( 55.58)	Acc@5  68.75 ( 78.17)
Test: [1520/3125]	Time  0.295 ( 0.315)	Loss 1.9083e+00 (2.3427e+00)	Acc@1  75.00 ( 55.54)	Acc@5  75.00 ( 78.16)
Test: [1528/3125]	Time  0.540 ( 0.315)	Loss 4.5558e+00 (2.3511e+00)	Acc@1  43.75 ( 55.45)	Acc@5  68.75 ( 78.10)
Test: [1536/3125]	Time  0.106 ( 0.315)	Loss 1.3150e+00 (2.3543e+00)	Acc@1  62.50 ( 55.44)	Acc@5  93.75 ( 78.08)
Test: [1544/3125]	Time  0.304 ( 0.315)	Loss 4.6821e+00 (2.3621e+00)	Acc@1  12.50 ( 55.30)	Acc@5  31.25 ( 77.94)
Test: [1552/3125]	Time  0.412 ( 0.315)	Loss 1.7271e+00 (2.3635e+00)	Acc@1  68.75 ( 55.32)	Acc@5  75.00 ( 77.91)
Test: [1560/3125]	Time  0.436 ( 0.315)	Loss 5.4986e+00 (2.3693e+00)	Acc@1   6.25 ( 55.23)	Acc@5  25.00 ( 77.82)
Test: [1568/3125]	Time  0.089 ( 0.314)	Loss 4.9460e+00 (2.3747e+00)	Acc@1  18.75 ( 55.14)	Acc@5  43.75 ( 77.74)
Test: [1576/3125]	Time  0.458 ( 0.314)	Loss 4.9054e+00 (2.3839e+00)	Acc@1   6.25 ( 54.99)	Acc@5  25.00 ( 77.57)
Test: [1584/3125]	Time  0.171 ( 0.314)	Loss 9.3061e+00 (2.4014e+00)	Acc@1  31.25 ( 54.79)	Acc@5  37.50 ( 77.44)
Test: [1592/3125]	Time  0.559 ( 0.314)	Loss 6.0306e+00 (2.4066e+00)	Acc@1  25.00 ( 54.76)	Acc@5  62.50 ( 77.39)
Test: [1600/3125]	Time  0.373 ( 0.314)	Loss 4.6054e+00 (2.4059e+00)	Acc@1  25.00 ( 54.75)	Acc@5  56.25 ( 77.39)
Test: [1608/3125]	Time  0.309 ( 0.314)	Loss 2.9538e+00 (2.4100e+00)	Acc@1  43.75 ( 54.65)	Acc@5  68.75 ( 77.31)
Test: [1616/3125]	Time  0.239 ( 0.314)	Loss 3.9596e+00 (2.4176e+00)	Acc@1  50.00 ( 54.51)	Acc@5  56.25 ( 77.23)
Test: [1624/3125]	Time  0.420 ( 0.314)	Loss 3.9492e+00 (2.4180e+00)	Acc@1  25.00 ( 54.47)	Acc@5  50.00 ( 77.22)
Test: [1632/3125]	Time  0.194 ( 0.314)	Loss 3.1550e+00 (2.4175e+00)	Acc@1  31.25 ( 54.45)	Acc@5  62.50 ( 77.20)
Test: [1640/3125]	Time  0.097 ( 0.314)	Loss 1.9153e+00 (2.4208e+00)	Acc@1  43.75 ( 54.39)	Acc@5  87.50 ( 77.15)
Test: [1648/3125]	Time  0.083 ( 0.314)	Loss 2.2649e+00 (2.4221e+00)	Acc@1  37.50 ( 54.33)	Acc@5  87.50 ( 77.15)
Test: [1656/3125]	Time  0.081 ( 0.314)	Loss 4.9077e+00 (2.4281e+00)	Acc@1  43.75 ( 54.27)	Acc@5  50.00 ( 77.07)
Test: [1664/3125]	Time  0.390 ( 0.314)	Loss 1.9322e+00 (2.4370e+00)	Acc@1  68.75 ( 54.22)	Acc@5  81.25 ( 77.00)
Test: [1672/3125]	Time  0.508 ( 0.313)	Loss 8.4841e-01 (2.4395e+00)	Acc@1  81.25 ( 54.23)	Acc@5  87.50 ( 76.98)
Test: [1680/3125]	Time  0.437 ( 0.313)	Loss 2.7081e+00 (2.4384e+00)	Acc@1  75.00 ( 54.24)	Acc@5  81.25 ( 77.03)
Test: [1688/3125]	Time  0.645 ( 0.313)	Loss 1.7294e+00 (2.4432e+00)	Acc@1  56.25 ( 54.20)	Acc@5  68.75 ( 76.99)
Test: [1696/3125]	Time  0.414 ( 0.313)	Loss 3.0707e+00 (2.4477e+00)	Acc@1  50.00 ( 54.11)	Acc@5  68.75 ( 76.92)
Test: [1704/3125]	Time  0.523 ( 0.314)	Loss 2.0516e+00 (2.4505e+00)	Acc@1  62.50 ( 54.05)	Acc@5  81.25 ( 76.87)
Test: [1712/3125]	Time  0.396 ( 0.313)	Loss 3.2320e-01 (2.4494e+00)	Acc@1  93.75 ( 54.08)	Acc@5 100.00 ( 76.89)
Test: [1720/3125]	Time  0.226 ( 0.313)	Loss 1.5618e+00 (2.4485e+00)	Acc@1  50.00 ( 54.10)	Acc@5  93.75 ( 76.92)
Test: [1728/3125]	Time  0.486 ( 0.313)	Loss 1.0043e+00 (2.4483e+00)	Acc@1  81.25 ( 54.14)	Acc@5  93.75 ( 76.92)
Test: [1736/3125]	Time  0.308 ( 0.313)	Loss 1.9972e+00 (2.4433e+00)	Acc@1  68.75 ( 54.24)	Acc@5  75.00 ( 76.95)
Test: [1744/3125]	Time  0.635 ( 0.313)	Loss 4.8071e+00 (2.4509e+00)	Acc@1  18.75 ( 54.17)	Acc@5  43.75 ( 76.85)
Test: [1752/3125]	Time  0.389 ( 0.313)	Loss 1.0360e+00 (2.4546e+00)	Acc@1  87.50 ( 54.15)	Acc@5  87.50 ( 76.80)
Test: [1760/3125]	Time  0.296 ( 0.313)	Loss 2.0539e+00 (2.4543e+00)	Acc@1  62.50 ( 54.16)	Acc@5  81.25 ( 76.79)
Test: [1768/3125]	Time  0.334 ( 0.313)	Loss 1.1065e+00 (2.4517e+00)	Acc@1  75.00 ( 54.20)	Acc@5 100.00 ( 76.82)
Test: [1776/3125]	Time  0.587 ( 0.313)	Loss 2.9387e+00 (2.4565e+00)	Acc@1  50.00 ( 54.13)	Acc@5  87.50 ( 76.77)
Test: [1784/3125]	Time  0.623 ( 0.313)	Loss 3.0733e+00 (2.4631e+00)	Acc@1  37.50 ( 54.10)	Acc@5  68.75 ( 76.73)
Test: [1792/3125]	Time  0.521 ( 0.313)	Loss 1.8457e+00 (2.4635e+00)	Acc@1  62.50 ( 54.07)	Acc@5  81.25 ( 76.72)
Test: [1800/3125]	Time  0.493 ( 0.313)	Loss 6.2889e-01 (2.4615e+00)	Acc@1  87.50 ( 54.12)	Acc@5  93.75 ( 76.71)
Test: [1808/3125]	Time  0.347 ( 0.313)	Loss 2.6000e+00 (2.4608e+00)	Acc@1  43.75 ( 54.12)	Acc@5  68.75 ( 76.70)
Test: [1816/3125]	Time  0.492 ( 0.313)	Loss 1.5476e+00 (2.4632e+00)	Acc@1  68.75 ( 54.09)	Acc@5  93.75 ( 76.67)
Test: [1824/3125]	Time  0.335 ( 0.313)	Loss 1.8414e+00 (2.4684e+00)	Acc@1  68.75 ( 54.08)	Acc@5  93.75 ( 76.65)
Test: [1832/3125]	Time  0.691 ( 0.313)	Loss 1.8609e+00 (2.4767e+00)	Acc@1  31.25 ( 53.95)	Acc@5  68.75 ( 76.53)
Test: [1840/3125]	Time  0.579 ( 0.314)	Loss 2.2242e+00 (2.4804e+00)	Acc@1  50.00 ( 53.89)	Acc@5  81.25 ( 76.48)
Test: [1848/3125]	Time  0.583 ( 0.314)	Loss 1.8959e+00 (2.4860e+00)	Acc@1  50.00 ( 53.79)	Acc@5  75.00 ( 76.41)
Test: [1856/3125]	Time  0.450 ( 0.314)	Loss 2.5684e+00 (2.4862e+00)	Acc@1  50.00 ( 53.79)	Acc@5  68.75 ( 76.37)
Test: [1864/3125]	Time  0.683 ( 0.315)	Loss 4.8485e+00 (2.4879e+00)	Acc@1  18.75 ( 53.75)	Acc@5  37.50 ( 76.32)
Test: [1872/3125]	Time  0.386 ( 0.315)	Loss 6.0459e+00 (2.4976e+00)	Acc@1  37.50 ( 53.69)	Acc@5  81.25 ( 76.27)
Test: [1880/3125]	Time  0.455 ( 0.315)	Loss 3.9040e+00 (2.5120e+00)	Acc@1  12.50 ( 53.55)	Acc@5  50.00 ( 76.16)
Test: [1888/3125]	Time  0.250 ( 0.315)	Loss 2.1144e+00 (2.5109e+00)	Acc@1  56.25 ( 53.55)	Acc@5  75.00 ( 76.15)
Test: [1896/3125]	Time  0.365 ( 0.315)	Loss 4.2470e+00 (2.5141e+00)	Acc@1  31.25 ( 53.54)	Acc@5  50.00 ( 76.11)
Test: [1904/3125]	Time  0.388 ( 0.316)	Loss 3.2522e+00 (2.5151e+00)	Acc@1  43.75 ( 53.59)	Acc@5  62.50 ( 76.12)
Test: [1912/3125]	Time  0.363 ( 0.316)	Loss 1.5994e+00 (2.5159e+00)	Acc@1  68.75 ( 53.58)	Acc@5  81.25 ( 76.11)
Test: [1920/3125]	Time  0.685 ( 0.316)	Loss 2.0735e+00 (2.5160e+00)	Acc@1  56.25 ( 53.58)	Acc@5  87.50 ( 76.11)
Test: [1928/3125]	Time  0.131 ( 0.316)	Loss 1.5809e+00 (2.5202e+00)	Acc@1  75.00 ( 53.56)	Acc@5  81.25 ( 76.09)
Test: [1936/3125]	Time  0.279 ( 0.316)	Loss 3.6325e+00 (2.5308e+00)	Acc@1  37.50 ( 53.47)	Acc@5  68.75 ( 75.99)
Test: [1944/3125]	Time  0.359 ( 0.316)	Loss 4.0731e+00 (2.5350e+00)	Acc@1  43.75 ( 53.39)	Acc@5  43.75 ( 75.93)
Test: [1952/3125]	Time  0.293 ( 0.316)	Loss 2.9974e+00 (2.5466e+00)	Acc@1  50.00 ( 53.29)	Acc@5  75.00 ( 75.85)
Test: [1960/3125]	Time  0.096 ( 0.317)	Loss 2.5767e+00 (2.5464e+00)	Acc@1  37.50 ( 53.29)	Acc@5  75.00 ( 75.83)
Test: [1968/3125]	Time  0.334 ( 0.317)	Loss 2.4544e+00 (2.5451e+00)	Acc@1  56.25 ( 53.33)	Acc@5  81.25 ( 75.84)
Test: [1976/3125]	Time  0.079 ( 0.317)	Loss 2.1723e+00 (2.5465e+00)	Acc@1  50.00 ( 53.34)	Acc@5  81.25 ( 75.83)
Test: [1984/3125]	Time  0.231 ( 0.317)	Loss 3.6416e+00 (2.5559e+00)	Acc@1  37.50 ( 53.24)	Acc@5  87.50 ( 75.71)
Test: [1992/3125]	Time  0.343 ( 0.317)	Loss 1.1273e+00 (2.5634e+00)	Acc@1  75.00 ( 53.19)	Acc@5  87.50 ( 75.67)
Test: [2000/3125]	Time  0.435 ( 0.317)	Loss 3.7571e+00 (2.5656e+00)	Acc@1  62.50 ( 53.08)	Acc@5  87.50 ( 75.67)
Test: [2008/3125]	Time  0.281 ( 0.318)	Loss 3.2601e+00 (2.5698e+00)	Acc@1  56.25 ( 53.09)	Acc@5  62.50 ( 75.64)
Test: [2016/3125]	Time  0.277 ( 0.318)	Loss 8.9482e-01 (2.5756e+00)	Acc@1  87.50 ( 53.05)	Acc@5  93.75 ( 75.59)
Test: [2024/3125]	Time  0.252 ( 0.318)	Loss 2.9745e+00 (2.5744e+00)	Acc@1  31.25 ( 53.09)	Acc@5  62.50 ( 75.61)
Test: [2032/3125]	Time  0.092 ( 0.318)	Loss 5.5787e+00 (2.5768e+00)	Acc@1  25.00 ( 53.05)	Acc@5  37.50 ( 75.57)
Test: [2040/3125]	Time  0.259 ( 0.318)	Loss 3.5118e+00 (2.5851e+00)	Acc@1  31.25 ( 52.98)	Acc@5  50.00 ( 75.49)
Test: [2048/3125]	Time  0.314 ( 0.319)	Loss 2.4671e+00 (2.5879e+00)	Acc@1  50.00 ( 52.93)	Acc@5  68.75 ( 75.45)
Test: [2056/3125]	Time  1.030 ( 0.319)	Loss 5.6266e+00 (2.5927e+00)	Acc@1  25.00 ( 52.83)	Acc@5  56.25 ( 75.38)
Test: [2064/3125]	Time  0.700 ( 0.319)	Loss 2.2910e+00 (2.5948e+00)	Acc@1  43.75 ( 52.83)	Acc@5  62.50 ( 75.39)
Test: [2072/3125]	Time  0.808 ( 0.320)	Loss 3.5661e+00 (2.5948e+00)	Acc@1  25.00 ( 52.82)	Acc@5  62.50 ( 75.38)
Test: [2080/3125]	Time  0.652 ( 0.320)	Loss 2.3125e+00 (2.5965e+00)	Acc@1  31.25 ( 52.71)	Acc@5  62.50 ( 75.33)
Test: [2088/3125]	Time  0.593 ( 0.320)	Loss 1.6289e+00 (2.5993e+00)	Acc@1  56.25 ( 52.64)	Acc@5  75.00 ( 75.27)
Test: [2096/3125]	Time  0.635 ( 0.320)	Loss 1.6546e+00 (2.5946e+00)	Acc@1  62.50 ( 52.72)	Acc@5  81.25 ( 75.32)
Test: [2104/3125]	Time  0.827 ( 0.321)	Loss 5.0524e+00 (2.5971e+00)	Acc@1   0.00 ( 52.67)	Acc@5  43.75 ( 75.28)
Test: [2112/3125]	Time  0.783 ( 0.321)	Loss 4.5119e+00 (2.6028e+00)	Acc@1  25.00 ( 52.57)	Acc@5  43.75 ( 75.19)
Test: [2120/3125]	Time  0.701 ( 0.321)	Loss 2.6632e+00 (2.6107e+00)	Acc@1  50.00 ( 52.48)	Acc@5  68.75 ( 75.08)
Test: [2128/3125]	Time  0.590 ( 0.321)	Loss 3.6872e+00 (2.6131e+00)	Acc@1  31.25 ( 52.47)	Acc@5  62.50 ( 75.05)
Test: [2136/3125]	Time  0.259 ( 0.321)	Loss 3.1175e+00 (2.6146e+00)	Acc@1  43.75 ( 52.42)	Acc@5  62.50 ( 75.01)
Test: [2144/3125]	Time  0.378 ( 0.321)	Loss 4.8330e+00 (2.6140e+00)	Acc@1  12.50 ( 52.44)	Acc@5  43.75 ( 75.00)
Test: [2152/3125]	Time  0.534 ( 0.322)	Loss 8.3509e-01 (2.6122e+00)	Acc@1  81.25 ( 52.47)	Acc@5  87.50 ( 75.00)
Test: [2160/3125]	Time  0.076 ( 0.322)	Loss 2.9023e+00 (2.6169e+00)	Acc@1  37.50 ( 52.41)	Acc@5  68.75 ( 74.95)
Test: [2168/3125]	Time  0.261 ( 0.322)	Loss 2.6368e+00 (2.6213e+00)	Acc@1  43.75 ( 52.33)	Acc@5  62.50 ( 74.89)
Test: [2176/3125]	Time  0.664 ( 0.323)	Loss 3.5943e+00 (2.6229e+00)	Acc@1  43.75 ( 52.32)	Acc@5  62.50 ( 74.87)
Test: [2184/3125]	Time  0.338 ( 0.323)	Loss 1.4108e+00 (2.6228e+00)	Acc@1  62.50 ( 52.29)	Acc@5  81.25 ( 74.87)
Test: [2192/3125]	Time  0.228 ( 0.323)	Loss 9.4612e-01 (2.6235e+00)	Acc@1  81.25 ( 52.30)	Acc@5  93.75 ( 74.85)
Test: [2200/3125]	Time  0.514 ( 0.323)	Loss 2.5604e+00 (2.6227e+00)	Acc@1  43.75 ( 52.29)	Acc@5  81.25 ( 74.87)
Test: [2208/3125]	Time  0.637 ( 0.323)	Loss 3.8610e+00 (2.6263e+00)	Acc@1  31.25 ( 52.23)	Acc@5  62.50 ( 74.83)
Test: [2216/3125]	Time  0.135 ( 0.323)	Loss 3.0759e+00 (2.6272e+00)	Acc@1  56.25 ( 52.20)	Acc@5  81.25 ( 74.82)
Test: [2224/3125]	Time  0.547 ( 0.324)	Loss 3.1620e+00 (2.6297e+00)	Acc@1  31.25 ( 52.15)	Acc@5  56.25 ( 74.77)
Test: [2232/3125]	Time  0.221 ( 0.324)	Loss 3.5414e+00 (2.6323e+00)	Acc@1  18.75 ( 52.13)	Acc@5  62.50 ( 74.75)
Test: [2240/3125]	Time  0.317 ( 0.324)	Loss 3.7404e+00 (2.6317e+00)	Acc@1  62.50 ( 52.18)	Acc@5  87.50 ( 74.77)
Test: [2248/3125]	Time  0.257 ( 0.324)	Loss 4.0763e+00 (2.6325e+00)	Acc@1  56.25 ( 52.13)	Acc@5  68.75 ( 74.77)
Test: [2256/3125]	Time  0.087 ( 0.325)	Loss 1.2188e+00 (2.6359e+00)	Acc@1  68.75 ( 52.12)	Acc@5  87.50 ( 74.73)
Test: [2264/3125]	Time  0.185 ( 0.325)	Loss 1.4814e+00 (2.6340e+00)	Acc@1  68.75 ( 52.17)	Acc@5  81.25 ( 74.74)
Test: [2272/3125]	Time  0.267 ( 0.325)	Loss 6.7706e+00 (2.6382e+00)	Acc@1  62.50 ( 52.14)	Acc@5  87.50 ( 74.71)
Test: [2280/3125]	Time  0.167 ( 0.325)	Loss 3.6522e+00 (2.6465e+00)	Acc@1  50.00 ( 52.10)	Acc@5  68.75 ( 74.66)
Test: [2288/3125]	Time  0.077 ( 0.325)	Loss 1.2464e+00 (2.6499e+00)	Acc@1  75.00 ( 52.06)	Acc@5  93.75 ( 74.60)
Test: [2296/3125]	Time  0.095 ( 0.325)	Loss 2.5315e+00 (2.6516e+00)	Acc@1  50.00 ( 52.03)	Acc@5  68.75 ( 74.56)
Test: [2304/3125]	Time  0.078 ( 0.325)	Loss 2.8658e+00 (2.6550e+00)	Acc@1  56.25 ( 52.01)	Acc@5  75.00 ( 74.54)
Test: [2312/3125]	Time  0.078 ( 0.325)	Loss 4.2087e+00 (2.6555e+00)	Acc@1  31.25 ( 52.01)	Acc@5  43.75 ( 74.53)
Test: [2320/3125]	Time  0.209 ( 0.326)	Loss 3.0812e+00 (2.6603e+00)	Acc@1  37.50 ( 51.97)	Acc@5  68.75 ( 74.47)
Test: [2328/3125]	Time  0.114 ( 0.326)	Loss 3.0577e+00 (2.6623e+00)	Acc@1  43.75 ( 51.89)	Acc@5  68.75 ( 74.46)
Test: [2336/3125]	Time  0.358 ( 0.326)	Loss 6.9825e+00 (2.6638e+00)	Acc@1  25.00 ( 51.90)	Acc@5  56.25 ( 74.44)
Test: [2344/3125]	Time  0.075 ( 0.326)	Loss 3.7318e+00 (2.6686e+00)	Acc@1  31.25 ( 51.80)	Acc@5  62.50 ( 74.36)
Test: [2352/3125]	Time  0.095 ( 0.326)	Loss 1.6903e+00 (2.6673e+00)	Acc@1  68.75 ( 51.81)	Acc@5  87.50 ( 74.38)
Test: [2360/3125]	Time  0.231 ( 0.326)	Loss 1.7829e+00 (2.6737e+00)	Acc@1  62.50 ( 51.77)	Acc@5  68.75 ( 74.34)
Test: [2368/3125]	Time  0.132 ( 0.327)	Loss 2.1915e+00 (2.6714e+00)	Acc@1  43.75 ( 51.79)	Acc@5  75.00 ( 74.35)
Test: [2376/3125]	Time  0.203 ( 0.327)	Loss 2.5261e+00 (2.6747e+00)	Acc@1  43.75 ( 51.75)	Acc@5  62.50 ( 74.30)
Test: [2384/3125]	Time  0.080 ( 0.327)	Loss 4.8950e+00 (2.6792e+00)	Acc@1  43.75 ( 51.71)	Acc@5  68.75 ( 74.25)
Test: [2392/3125]	Time  0.511 ( 0.327)	Loss 4.1028e+00 (2.6825e+00)	Acc@1  25.00 ( 51.63)	Acc@5  50.00 ( 74.20)
Test: [2400/3125]	Time  0.672 ( 0.328)	Loss 1.8866e+00 (2.6840e+00)	Acc@1  62.50 ( 51.61)	Acc@5  87.50 ( 74.19)
Test: [2408/3125]	Time  0.462 ( 0.328)	Loss 2.7417e+00 (2.6834e+00)	Acc@1  50.00 ( 51.63)	Acc@5  75.00 ( 74.18)
Test: [2416/3125]	Time  0.628 ( 0.328)	Loss 3.0252e+00 (2.6857e+00)	Acc@1  25.00 ( 51.62)	Acc@5  56.25 ( 74.14)
Test: [2424/3125]	Time  0.428 ( 0.328)	Loss 6.8604e+00 (2.6918e+00)	Acc@1  25.00 ( 51.55)	Acc@5  68.75 ( 74.07)
Test: [2432/3125]	Time  0.492 ( 0.328)	Loss 5.4229e+00 (2.6953e+00)	Acc@1   6.25 ( 51.49)	Acc@5  37.50 ( 74.03)
Test: [2440/3125]	Time  0.365 ( 0.329)	Loss 7.7328e-01 (2.6931e+00)	Acc@1  75.00 ( 51.52)	Acc@5  93.75 ( 74.07)
Test: [2448/3125]	Time  0.347 ( 0.329)	Loss 1.1957e-01 (2.6930e+00)	Acc@1 100.00 ( 51.51)	Acc@5 100.00 ( 74.08)
Test: [2456/3125]	Time  0.639 ( 0.329)	Loss 2.9973e+00 (2.6980e+00)	Acc@1  37.50 ( 51.47)	Acc@5  43.75 ( 74.02)
Test: [2464/3125]	Time  0.553 ( 0.329)	Loss 3.1717e+00 (2.7009e+00)	Acc@1  56.25 ( 51.44)	Acc@5  75.00 ( 73.98)
Test: [2472/3125]	Time  0.519 ( 0.329)	Loss 5.1767e+00 (2.7038e+00)	Acc@1  43.75 ( 51.43)	Acc@5  50.00 ( 73.97)
Test: [2480/3125]	Time  0.399 ( 0.329)	Loss 3.9448e+00 (2.7080e+00)	Acc@1  43.75 ( 51.39)	Acc@5  56.25 ( 73.93)
Test: [2488/3125]	Time  0.472 ( 0.330)	Loss 4.0293e+00 (2.7085e+00)	Acc@1  31.25 ( 51.38)	Acc@5  37.50 ( 73.90)
Test: [2496/3125]	Time  0.810 ( 0.330)	Loss 1.5234e+00 (2.7134e+00)	Acc@1  68.75 ( 51.37)	Acc@5  93.75 ( 73.90)
Test: [2504/3125]	Time  0.610 ( 0.330)	Loss 1.6239e+00 (2.7130e+00)	Acc@1  43.75 ( 51.37)	Acc@5  87.50 ( 73.89)
Test: [2512/3125]	Time  0.371 ( 0.330)	Loss 2.1971e+00 (2.7093e+00)	Acc@1  56.25 ( 51.42)	Acc@5  75.00 ( 73.92)
Test: [2520/3125]	Time  0.478 ( 0.330)	Loss 2.9601e+00 (2.7118e+00)	Acc@1  56.25 ( 51.38)	Acc@5  68.75 ( 73.87)
Test: [2528/3125]	Time  0.733 ( 0.331)	Loss 3.5309e+00 (2.7142e+00)	Acc@1  25.00 ( 51.35)	Acc@5  62.50 ( 73.85)
Test: [2536/3125]	Time  0.574 ( 0.331)	Loss 5.5973e+00 (2.7196e+00)	Acc@1  12.50 ( 51.26)	Acc@5  43.75 ( 73.80)
Test: [2544/3125]	Time  0.719 ( 0.331)	Loss 1.5467e+00 (2.7224e+00)	Acc@1  68.75 ( 51.23)	Acc@5  93.75 ( 73.74)
Test: [2552/3125]	Time  0.756 ( 0.331)	Loss 1.7179e+00 (2.7211e+00)	Acc@1  68.75 ( 51.26)	Acc@5  75.00 ( 73.77)
Test: [2560/3125]	Time  0.583 ( 0.332)	Loss 2.8577e+00 (2.7240e+00)	Acc@1  62.50 ( 51.22)	Acc@5  81.25 ( 73.74)
Test: [2568/3125]	Time  0.434 ( 0.332)	Loss 8.8361e-01 (2.7202e+00)	Acc@1  75.00 ( 51.25)	Acc@5 100.00 ( 73.78)
Test: [2576/3125]	Time  0.583 ( 0.332)	Loss 3.2014e+00 (2.7242e+00)	Acc@1  56.25 ( 51.23)	Acc@5  75.00 ( 73.74)
Test: [2584/3125]	Time  0.392 ( 0.332)	Loss 4.7211e+00 (2.7268e+00)	Acc@1  31.25 ( 51.20)	Acc@5  50.00 ( 73.71)
Test: [2592/3125]	Time  0.661 ( 0.333)	Loss 2.2560e+00 (2.7383e+00)	Acc@1  56.25 ( 51.16)	Acc@5  81.25 ( 73.67)
Test: [2600/3125]	Time  0.154 ( 0.333)	Loss 1.0579e+00 (2.7391e+00)	Acc@1  87.50 ( 51.14)	Acc@5  87.50 ( 73.64)
Test: [2608/3125]	Time  0.136 ( 0.333)	Loss 4.2098e+00 (2.7395e+00)	Acc@1  31.25 ( 51.14)	Acc@5  50.00 ( 73.63)
Test: [2616/3125]	Time  0.097 ( 0.333)	Loss 2.8386e+00 (2.7427e+00)	Acc@1  25.00 ( 51.06)	Acc@5  68.75 ( 73.58)
Test: [2624/3125]	Time  0.315 ( 0.333)	Loss 3.9684e+00 (2.7478e+00)	Acc@1  50.00 ( 50.98)	Acc@5  81.25 ( 73.51)
Test: [2632/3125]	Time  0.084 ( 0.334)	Loss 3.1313e+00 (2.7516e+00)	Acc@1  18.75 ( 50.92)	Acc@5  75.00 ( 73.47)
Test: [2640/3125]	Time  0.242 ( 0.334)	Loss 4.7304e+00 (2.7551e+00)	Acc@1  18.75 ( 50.90)	Acc@5  50.00 ( 73.43)
Test: [2648/3125]	Time  0.116 ( 0.334)	Loss 2.1880e+00 (2.7583e+00)	Acc@1  62.50 ( 50.86)	Acc@5  81.25 ( 73.40)
Test: [2656/3125]	Time  0.215 ( 0.334)	Loss 3.8274e+00 (2.7603e+00)	Acc@1  43.75 ( 50.80)	Acc@5  68.75 ( 73.36)
Test: [2664/3125]	Time  0.111 ( 0.334)	Loss 2.0323e+00 (2.7615e+00)	Acc@1  56.25 ( 50.77)	Acc@5  81.25 ( 73.33)
Test: [2672/3125]	Time  0.078 ( 0.334)	Loss 3.8421e+00 (2.7614e+00)	Acc@1  43.75 ( 50.79)	Acc@5  56.25 ( 73.34)
Test: [2680/3125]	Time  0.217 ( 0.334)	Loss 4.2213e+00 (2.7619e+00)	Acc@1  18.75 ( 50.75)	Acc@5  50.00 ( 73.33)
Test: [2688/3125]	Time  0.239 ( 0.334)	Loss 5.9173e+00 (2.7672e+00)	Acc@1  18.75 ( 50.72)	Acc@5  43.75 ( 73.30)
Test: [2696/3125]	Time  0.239 ( 0.334)	Loss 4.8426e+00 (2.7710e+00)	Acc@1  43.75 ( 50.67)	Acc@5  62.50 ( 73.26)
Test: [2704/3125]	Time  0.497 ( 0.334)	Loss 3.1227e+00 (2.7696e+00)	Acc@1  37.50 ( 50.66)	Acc@5  68.75 ( 73.25)
Test: [2712/3125]	Time  0.676 ( 0.335)	Loss 4.0184e+00 (2.7686e+00)	Acc@1  37.50 ( 50.66)	Acc@5  56.25 ( 73.24)
Test: [2720/3125]	Time  0.611 ( 0.335)	Loss 2.7160e+00 (2.7720e+00)	Acc@1  31.25 ( 50.61)	Acc@5  68.75 ( 73.19)
Test: [2728/3125]	Time  0.542 ( 0.335)	Loss 1.2804e+00 (2.7715e+00)	Acc@1  68.75 ( 50.59)	Acc@5  81.25 ( 73.20)
Test: [2736/3125]	Time  0.115 ( 0.335)	Loss 1.6465e+00 (2.7668e+00)	Acc@1  62.50 ( 50.66)	Acc@5  81.25 ( 73.24)
Test: [2744/3125]	Time  0.258 ( 0.335)	Loss 2.1858e+00 (2.7685e+00)	Acc@1  62.50 ( 50.63)	Acc@5  87.50 ( 73.21)
Test: [2752/3125]	Time  0.082 ( 0.335)	Loss 6.1927e+00 (2.7713e+00)	Acc@1  37.50 ( 50.59)	Acc@5  62.50 ( 73.19)
Test: [2760/3125]	Time  0.084 ( 0.335)	Loss 4.4525e+00 (2.7734e+00)	Acc@1   0.00 ( 50.54)	Acc@5  43.75 ( 73.14)
Test: [2768/3125]	Time  0.418 ( 0.335)	Loss 6.1532e+00 (2.7815e+00)	Acc@1  31.25 ( 50.48)	Acc@5  37.50 ( 73.09)
Test: [2776/3125]	Time  0.444 ( 0.335)	Loss 2.1494e+00 (2.7804e+00)	Acc@1  62.50 ( 50.50)	Acc@5  68.75 ( 73.09)
Test: [2784/3125]	Time  0.078 ( 0.336)	Loss 2.1297e+00 (2.7782e+00)	Acc@1  75.00 ( 50.54)	Acc@5  75.00 ( 73.10)
Test: [2792/3125]	Time  0.125 ( 0.336)	Loss 4.9077e+00 (2.7819e+00)	Acc@1  18.75 ( 50.49)	Acc@5  56.25 ( 73.07)
Test: [2800/3125]	Time  0.383 ( 0.336)	Loss 1.4913e+00 (2.7791e+00)	Acc@1  56.25 ( 50.52)	Acc@5  87.50 ( 73.09)
Test: [2808/3125]	Time  0.365 ( 0.336)	Loss 3.5547e+00 (2.7813e+00)	Acc@1  37.50 ( 50.50)	Acc@5  56.25 ( 73.07)
Test: [2816/3125]	Time  0.782 ( 0.336)	Loss 2.3017e+00 (2.7826e+00)	Acc@1  43.75 ( 50.47)	Acc@5  68.75 ( 73.04)
Test: [2824/3125]	Time  0.271 ( 0.336)	Loss 4.3171e+00 (2.7852e+00)	Acc@1  31.25 ( 50.43)	Acc@5  37.50 ( 73.00)
Test: [2832/3125]	Time  0.315 ( 0.336)	Loss 6.5590e+00 (2.8109e+00)	Acc@1   6.25 ( 50.34)	Acc@5  56.25 ( 72.95)
Test: [2840/3125]	Time  0.369 ( 0.336)	Loss 3.3478e+00 (2.8122e+00)	Acc@1  31.25 ( 50.31)	Acc@5  81.25 ( 72.94)
Test: [2848/3125]	Time  0.258 ( 0.336)	Loss 3.2883e+00 (2.8165e+00)	Acc@1  31.25 ( 50.24)	Acc@5  75.00 ( 72.91)
Test: [2856/3125]	Time  0.358 ( 0.336)	Loss 1.4565e+00 (2.8166e+00)	Acc@1  56.25 ( 50.23)	Acc@5  93.75 ( 72.92)
Test: [2864/3125]	Time  0.590 ( 0.336)	Loss 1.0990e+00 (2.8144e+00)	Acc@1  81.25 ( 50.27)	Acc@5  87.50 ( 72.92)
Test: [2872/3125]	Time  0.616 ( 0.336)	Loss 1.9462e+00 (2.8120e+00)	Acc@1  68.75 ( 50.30)	Acc@5  87.50 ( 72.95)
Test: [2880/3125]	Time  0.409 ( 0.336)	Loss 4.8930e+00 (2.8125e+00)	Acc@1  18.75 ( 50.31)	Acc@5  37.50 ( 72.94)
Test: [2888/3125]	Time  0.382 ( 0.337)	Loss 5.7825e+00 (2.8144e+00)	Acc@1  37.50 ( 50.30)	Acc@5  68.75 ( 72.94)
Test: [2896/3125]	Time  0.408 ( 0.337)	Loss 8.0187e-01 (2.8119e+00)	Acc@1  75.00 ( 50.32)	Acc@5  93.75 ( 72.97)
Test: [2904/3125]	Time  0.452 ( 0.337)	Loss 3.7307e+00 (2.8122e+00)	Acc@1  37.50 ( 50.32)	Acc@5  50.00 ( 72.98)
Test: [2912/3125]	Time  0.274 ( 0.337)	Loss 3.7785e+00 (2.8137e+00)	Acc@1  25.00 ( 50.29)	Acc@5  56.25 ( 72.96)
Test: [2920/3125]	Time  0.418 ( 0.337)	Loss 2.4374e+00 (2.8114e+00)	Acc@1  56.25 ( 50.32)	Acc@5  75.00 ( 72.97)
Test: [2928/3125]	Time  0.551 ( 0.337)	Loss 2.5137e-01 (2.8074e+00)	Acc@1  87.50 ( 50.37)	Acc@5 100.00 ( 73.01)
Test: [2936/3125]	Time  0.503 ( 0.337)	Loss 2.8288e+00 (2.8037e+00)	Acc@1  56.25 ( 50.43)	Acc@5  81.25 ( 73.06)
Test: [2944/3125]	Time  0.736 ( 0.337)	Loss 2.4975e+00 (2.8016e+00)	Acc@1  56.25 ( 50.46)	Acc@5  75.00 ( 73.09)
Test: [2952/3125]	Time  0.746 ( 0.338)	Loss 1.4472e+00 (2.8012e+00)	Acc@1  81.25 ( 50.47)	Acc@5 100.00 ( 73.12)
Test: [2960/3125]	Time  0.638 ( 0.338)	Loss 4.4006e+00 (2.7997e+00)	Acc@1  31.25 ( 50.50)	Acc@5  87.50 ( 73.15)
Test: [2968/3125]	Time  0.221 ( 0.338)	Loss 1.0586e+00 (2.7977e+00)	Acc@1  81.25 ( 50.54)	Acc@5  87.50 ( 73.20)
Test: [2976/3125]	Time  0.131 ( 0.338)	Loss 1.3363e+00 (2.7991e+00)	Acc@1  68.75 ( 50.58)	Acc@5  93.75 ( 73.23)
Test: [2984/3125]	Time  0.331 ( 0.338)	Loss 6.9018e-01 (2.7976e+00)	Acc@1  93.75 ( 50.63)	Acc@5  93.75 ( 73.26)
Test: [2992/3125]	Time  0.092 ( 0.338)	Loss 1.3667e-01 (2.7945e+00)	Acc@1  93.75 ( 50.68)	Acc@5 100.00 ( 73.29)
Test: [3000/3125]	Time  0.079 ( 0.339)	Loss 2.3832e+00 (2.7917e+00)	Acc@1  43.75 ( 50.73)	Acc@5  68.75 ( 73.31)
Test: [3008/3125]	Time  0.084 ( 0.339)	Loss 3.9192e+00 (2.7943e+00)	Acc@1  37.50 ( 50.70)	Acc@5  56.25 ( 73.26)
Test: [3016/3125]	Time  0.079 ( 0.339)	Loss 2.6000e+00 (2.7945e+00)	Acc@1  50.00 ( 50.69)	Acc@5  81.25 ( 73.27)
Test: [3024/3125]	Time  0.082 ( 0.339)	Loss 2.3278e+00 (2.7949e+00)	Acc@1  56.25 ( 50.68)	Acc@5  81.25 ( 73.26)
Test: [3032/3125]	Time  0.089 ( 0.339)	Loss 3.0373e+00 (2.7987e+00)	Acc@1  56.25 ( 50.63)	Acc@5  81.25 ( 73.22)
Test: [3040/3125]	Time  0.181 ( 0.339)	Loss 2.7260e+00 (2.7970e+00)	Acc@1  43.75 ( 50.62)	Acc@5  68.75 ( 73.23)
Test: [3048/3125]	Time  0.085 ( 0.339)	Loss 2.5948e+00 (2.7952e+00)	Acc@1  37.50 ( 50.65)	Acc@5  81.25 ( 73.25)
Test: [3056/3125]	Time  0.381 ( 0.339)	Loss 3.3640e+00 (2.7946e+00)	Acc@1  43.75 ( 50.62)	Acc@5  62.50 ( 73.26)
Test: [3064/3125]	Time  0.323 ( 0.339)	Loss 2.3934e+00 (2.7935e+00)	Acc@1  50.00 ( 50.61)	Acc@5  87.50 ( 73.27)
Test: [3072/3125]	Time  0.730 ( 0.339)	Loss 2.4143e+00 (2.7948e+00)	Acc@1  56.25 ( 50.63)	Acc@5  62.50 ( 73.27)
Test: [3080/3125]	Time  0.374 ( 0.340)	Loss 1.9707e+00 (2.7931e+00)	Acc@1  75.00 ( 50.68)	Acc@5  93.75 ( 73.30)
Test: [3088/3125]	Time  0.291 ( 0.340)	Loss 1.3694e+00 (2.7898e+00)	Acc@1  81.25 ( 50.73)	Acc@5  87.50 ( 73.35)
Test: [3096/3125]	Time  0.454 ( 0.340)	Loss 7.9727e-01 (2.7851e+00)	Acc@1  87.50 ( 50.81)	Acc@5  93.75 ( 73.40)
Test: [3104/3125]	Time  0.463 ( 0.340)	Loss 1.5714e+00 (2.7812e+00)	Acc@1  68.75 ( 50.88)	Acc@5  75.00 ( 73.44)
Test: [3112/3125]	Time  0.321 ( 0.340)	Loss 5.4161e-01 (2.7772e+00)	Acc@1  81.25 ( 50.94)	Acc@5  93.75 ( 73.47)
Test: [3120/3125]	Time  0.307 ( 0.340)	Loss 2.3977e+00 (2.7753e+00)	Acc@1  50.00 ( 50.95)	Acc@5  87.50 ( 73.49)
 * Acc@1 50.916 Acc@5 73.466
Test loss 2.777720643491745
Test accuracy tensor(50.9160, device='cuda:0')
